C51 COMPILER V9.01   MAIN                                                                  01/21/2022 19:13:43 PAGE 1   


C51 COMPILER V9.01, COMPILATION OF MODULE MAIN
OBJECT MODULE PLACED IN .\build\Release\src\main.o
COMPILER INVOKED BY: C:\Keil\C51\BIN\C51.exe .\SRC\MAIN.C PRINT(.\build\Release\src\main.lst) OMF2 TABS(4) CODE NOCOND S
                    -YMBOLS OPTIMIZE(8,SPEED) SMALL ROM(LARGE) INCDIR(.\..\..\..\..\..\..\..\Keil\C51\INC;.\src) DEFINE(__UVISION_VERSION=526
                    -) OBJECT(.\build\Release\src\main.o)

line level    source

   1          #include <REGX52.H>
   2          #include "Delay.h"
   3          #include "UART.h"
   4          
   5          unsigned char Sec;
   6          
   7          void main()
   8          {
   9   1          UartInit();
  10   1          while(1)
  11   1          {
  12   2      
  13   2          }
  14   1      }
  15          
  16          void UART_Routine() interrupt 4
  17          {
  18   1          if(RI==1)
  19   1          {
  20   2              P2=~SBUF;
  21   2              UART_SendByte(SBUF);
  22   2              RI=0;
  23   2          }
  24   1      }
C51 COMPILER V9.01   MAIN                                                                  01/21/2022 19:13:43 PAGE 2   

ASSEMBLY LISTING OF GENERATED OBJECT CODE


             ; FUNCTION main (BEGIN)
                                           ; SOURCE LINE # 7
                                           ; SOURCE LINE # 8
                                           ; SOURCE LINE # 9
0000 120000      E     LCALL   UartInit
0003         ?C0001:
                                           ; SOURCE LINE # 10
                                           ; SOURCE LINE # 11
                                           ; SOURCE LINE # 13
0003 80FE              SJMP    ?C0001
             ; FUNCTION main (END)

             ; FUNCTION UART_Routine (BEGIN)
0000 C0E0              PUSH    ACC
0002 C0F0              PUSH    B
0004 C083              PUSH    DPH
0006 C082              PUSH    DPL
0008 C0D0              PUSH    PSW
000A 75D000            MOV     PSW,#00H
000D C000              PUSH    AR0
000F C001              PUSH    AR1
0011 C002              PUSH    AR2
0013 C003              PUSH    AR3
0015 C004              PUSH    AR4
0017 C005              PUSH    AR5
0019 C006              PUSH    AR6
001B C007              PUSH    AR7
                                           ; SOURCE LINE # 16
                                           ; SOURCE LINE # 18
001D 30980C            JNB     RI,?C0005
                                           ; SOURCE LINE # 19
                                           ; SOURCE LINE # 20
0020 E599              MOV     A,SBUF
0022 F4                CPL     A
0023 F5A0              MOV     P2,A
                                           ; SOURCE LINE # 21
0025 AF99              MOV     R7,SBUF
0027 120000      E     LCALL   _UART_SendByte
                                           ; SOURCE LINE # 22
002A C298              CLR     RI
                                           ; SOURCE LINE # 23
                                           ; SOURCE LINE # 24
002C         ?C0005:
002C D007              POP     AR7
002E D006              POP     AR6
0030 D005              POP     AR5
0032 D004              POP     AR4
0034 D003              POP     AR3
0036 D002              POP     AR2
0038 D001              POP     AR1
003A D000              POP     AR0
003C D0D0              POP     PSW
003E D082              POP     DPL
0040 D083              POP     DPH
0042 D0F0              POP     B
0044 D0E0              POP     ACC
0046 32                RETI    
             ; FUNCTION UART_Routine (END)

C51 COMPILER V9.01   MAIN                                                                  01/21/2022 19:13:43 PAGE 3   

NAME                                    CLASS   MSPACE  TYPE    OFFSET  SIZE
====                                    =====   ======  ====    ======  ====


P0 . . . . . . . . . . . . . . . . . .  SFR      DATA   U_CHAR   0080H  1
P1 . . . . . . . . . . . . . . . . . .  SFR      DATA   U_CHAR   0090H  1
P2 . . . . . . . . . . . . . . . . . .  SFR      DATA   U_CHAR   00A0H  1
P3 . . . . . . . . . . . . . . . . . .  SFR      DATA   U_CHAR   00B0H  1
AC . . . . . . . . . . . . . . . . . .  ABSBIT   -----  BIT      00D6H  1
T0 . . . . . . . . . . . . . . . . . .  ABSBIT   -----  BIT      00B4H  1
T1 . . . . . . . . . . . . . . . . . .  ABSBIT   -----  BIT      00B5H  1
EA . . . . . . . . . . . . . . . . . .  ABSBIT   -----  BIT      00AFH  1
T2 . . . . . . . . . . . . . . . . . .  ABSBIT   -----  BIT      0090H  1
UART_Routine . . . . . . . . . . . . .  PUBLIC   CODE   PROC     0000H  -----
IE . . . . . . . . . . . . . . . . . .  SFR      DATA   U_CHAR   00A8H  1
P0_0 . . . . . . . . . . . . . . . . .  ABSBIT   -----  BIT      0080H  1
P1_0 . . . . . . . . . . . . . . . . .  ABSBIT   -----  BIT      0090H  1
P0_1 . . . . . . . . . . . . . . . . .  ABSBIT   -----  BIT      0081H  1
P2_0 . . . . . . . . . . . . . . . . .  ABSBIT   -----  BIT      00A0H  1
P1_1 . . . . . . . . . . . . . . . . .  ABSBIT   -----  BIT      0091H  1
P0_2 . . . . . . . . . . . . . . . . .  ABSBIT   -----  BIT      0082H  1
P3_0 . . . . . . . . . . . . . . . . .  ABSBIT   -----  BIT      00B0H  1
P2_1 . . . . . . . . . . . . . . . . .  ABSBIT   -----  BIT      00A1H  1
P1_2 . . . . . . . . . . . . . . . . .  ABSBIT   -----  BIT      0092H  1
P0_3 . . . . . . . . . . . . . . . . .  ABSBIT   -----  BIT      0083H  1
P3_1 . . . . . . . . . . . . . . . . .  ABSBIT   -----  BIT      00B1H  1
P2_2 . . . . . . . . . . . . . . . . .  ABSBIT   -----  BIT      00A2H  1
P1_3 . . . . . . . . . . . . . . . . .  ABSBIT   -----  BIT      0093H  1
P0_4 . . . . . . . . . . . . . . . . .  ABSBIT   -----  BIT      0084H  1
P3_2 . . . . . . . . . . . . . . . . .  ABSBIT   -----  BIT      00B2H  1
P2_3 . . . . . . . . . . . . . . . . .  ABSBIT   -----  BIT      00A3H  1
P1_4 . . . . . . . . . . . . . . . . .  ABSBIT   -----  BIT      0094H  1
P0_5 . . . . . . . . . . . . . . . . .  ABSBIT   -----  BIT      0085H  1
EXF2 . . . . . . . . . . . . . . . . .  ABSBIT   -----  BIT      00CEH  1
RD . . . . . . . . . . . . . . . . . .  ABSBIT   -----  BIT      00B7H  1
P3_3 . . . . . . . . . . . . . . . . .  ABSBIT   -----  BIT      00B3H  1
P2_4 . . . . . . . . . . . . . . . . .  ABSBIT   -----  BIT      00A4H  1
P1_5 . . . . . . . . . . . . . . . . .  ABSBIT   -----  BIT      0095H  1
P0_6 . . . . . . . . . . . . . . . . .  ABSBIT   -----  BIT      0086H  1
P3_4 . . . . . . . . . . . . . . . . .  ABSBIT   -----  BIT      00B4H  1
P2_5 . . . . . . . . . . . . . . . . .  ABSBIT   -----  BIT      00A5H  1
P1_6 . . . . . . . . . . . . . . . . .  ABSBIT   -----  BIT      0096H  1
P0_7 . . . . . . . . . . . . . . . . .  ABSBIT   -----  BIT      0087H  1
P3_5 . . . . . . . . . . . . . . . . .  ABSBIT   -----  BIT      00B5H  1
ES . . . . . . . . . . . . . . . . . .  ABSBIT   -----  BIT      00ACH  1
P2_6 . . . . . . . . . . . . . . . . .  ABSBIT   -----  BIT      00A6H  1
P1_7 . . . . . . . . . . . . . . . . .  ABSBIT   -----  BIT      0097H  1
P3_6 . . . . . . . . . . . . . . . . .  ABSBIT   -----  BIT      00B6H  1
P2_7 . . . . . . . . . . . . . . . . .  ABSBIT   -----  BIT      00A7H  1
IP . . . . . . . . . . . . . . . . . .  SFR      DATA   U_CHAR   00B8H  1
P3_7 . . . . . . . . . . . . . . . . .  ABSBIT   -----  BIT      00B7H  1
RI . . . . . . . . . . . . . . . . . .  ABSBIT   -----  BIT      0098H  1
Sec. . . . . . . . . . . . . . . . . .  PUBLIC   DATA   U_CHAR   0000H  1
CY . . . . . . . . . . . . . . . . . .  ABSBIT   -----  BIT      00D7H  1
INT0 . . . . . . . . . . . . . . . . .  ABSBIT   -----  BIT      00B2H  1
INT1 . . . . . . . . . . . . . . . . .  ABSBIT   -----  BIT      00B3H  1
TI . . . . . . . . . . . . . . . . . .  ABSBIT   -----  BIT      0099H  1
RCAP2H . . . . . . . . . . . . . . . .  SFR      DATA   U_CHAR   00CBH  1
PS . . . . . . . . . . . . . . . . . .  ABSBIT   -----  BIT      00BCH  1
SP . . . . . . . . . . . . . . . . . .  SFR      DATA   U_CHAR   0081H  1
T2EX . . . . . . . . . . . . . . . . .  ABSBIT   -----  BIT      0091H  1
C51 COMPILER V9.01   MAIN                                                                  01/21/2022 19:13:43 PAGE 4   

NAME                                    CLASS   MSPACE  TYPE    OFFSET  SIZE
====                                    =====   ======  ====    ======  ====


OV . . . . . . . . . . . . . . . . . .  ABSBIT   -----  BIT      00D2H  1
RCAP2L . . . . . . . . . . . . . . . .  SFR      DATA   U_CHAR   00CAH  1
main . . . . . . . . . . . . . . . . .  PUBLIC   CODE   PROC     0000H  -----
C_T2 . . . . . . . . . . . . . . . . .  ABSBIT   -----  BIT      00C9H  1
WR . . . . . . . . . . . . . . . . . .  ABSBIT   -----  BIT      00B6H  1
RCLK . . . . . . . . . . . . . . . . .  ABSBIT   -----  BIT      00CDH  1
TCLK . . . . . . . . . . . . . . . . .  ABSBIT   -----  BIT      00CCH  1
SBUF . . . . . . . . . . . . . . . . .  SFR      DATA   U_CHAR   0099H  1
PCON . . . . . . . . . . . . . . . . .  SFR      DATA   U_CHAR   0087H  1
SCON . . . . . . . . . . . . . . . . .  SFR      DATA   U_CHAR   0098H  1
UartInit . . . . . . . . . . . . . . .  EXTERN   CODE   PROC     -----  -----
TMOD . . . . . . . . . . . . . . . . .  SFR      DATA   U_CHAR   0089H  1
TCON . . . . . . . . . . . . . . . . .  SFR      DATA   U_CHAR   0088H  1
IE0. . . . . . . . . . . . . . . . . .  ABSBIT   -----  BIT      0089H  1
IE1. . . . . . . . . . . . . . . . . .  ABSBIT   -----  BIT      008BH  1
_UART_SendByte . . . . . . . . . . . .  EXTERN   CODE   PROC     -----  -----
B. . . . . . . . . . . . . . . . . . .  SFR      DATA   U_CHAR   00F0H  1
CP_RL2 . . . . . . . . . . . . . . . .  ABSBIT   -----  BIT      00C8H  1
ACC. . . . . . . . . . . . . . . . . .  SFR      DATA   U_CHAR   00E0H  1
ET0. . . . . . . . . . . . . . . . . .  ABSBIT   -----  BIT      00A9H  1
ET1. . . . . . . . . . . . . . . . . .  ABSBIT   -----  BIT      00ABH  1
TF0. . . . . . . . . . . . . . . . . .  ABSBIT   -----  BIT      008DH  1
ET2. . . . . . . . . . . . . . . . . .  ABSBIT   -----  BIT      00ADH  1
TF1. . . . . . . . . . . . . . . . . .  ABSBIT   -----  BIT      008FH  1
TF2. . . . . . . . . . . . . . . . . .  ABSBIT   -----  BIT      00CFH  1
RB8. . . . . . . . . . . . . . . . . .  ABSBIT   -----  BIT      009AH  1
TH0. . . . . . . . . . . . . . . . . .  SFR      DATA   U_CHAR   008CH  1
EX0. . . . . . . . . . . . . . . . . .  ABSBIT   -----  BIT      00A8H  1
IT0. . . . . . . . . . . . . . . . . .  ABSBIT   -----  BIT      0088H  1
TH1. . . . . . . . . . . . . . . . . .  SFR      DATA   U_CHAR   008DH  1
EX1. . . . . . . . . . . . . . . . . .  ABSBIT   -----  BIT      00AAH  1
TB8. . . . . . . . . . . . . . . . . .  ABSBIT   -----  BIT      009BH  1
IT1. . . . . . . . . . . . . . . . . .  ABSBIT   -----  BIT      008AH  1
TH2. . . . . . . . . . . . . . . . . .  SFR      DATA   U_CHAR   00CDH  1
P. . . . . . . . . . . . . . . . . . .  ABSBIT   -----  BIT      00D0H  1
SM0. . . . . . . . . . . . . . . . . .  ABSBIT   -----  BIT      009FH  1
TL0. . . . . . . . . . . . . . . . . .  SFR      DATA   U_CHAR   008AH  1
SM1. . . . . . . . . . . . . . . . . .  ABSBIT   -----  BIT      009EH  1
TL1. . . . . . . . . . . . . . . . . .  SFR      DATA   U_CHAR   008BH  1
SM2. . . . . . . . . . . . . . . . . .  ABSBIT   -----  BIT      009DH  1
TL2. . . . . . . . . . . . . . . . . .  SFR      DATA   U_CHAR   00CCH  1
PT0. . . . . . . . . . . . . . . . . .  ABSBIT   -----  BIT      00B9H  1
RS0. . . . . . . . . . . . . . . . . .  ABSBIT   -----  BIT      00D3H  1
PT1. . . . . . . . . . . . . . . . . .  ABSBIT   -----  BIT      00BBH  1
RS1. . . . . . . . . . . . . . . . . .  ABSBIT   -----  BIT      00D4H  1
PT2. . . . . . . . . . . . . . . . . .  ABSBIT   -----  BIT      00BDH  1
TR0. . . . . . . . . . . . . . . . . .  ABSBIT   -----  BIT      008CH  1
TR1. . . . . . . . . . . . . . . . . .  ABSBIT   -----  BIT      008EH  1
TR2. . . . . . . . . . . . . . . . . .  ABSBIT   -----  BIT      00CAH  1
PX0. . . . . . . . . . . . . . . . . .  ABSBIT   -----  BIT      00B8H  1
PX1. . . . . . . . . . . . . . . . . .  ABSBIT   -----  BIT      00BAH  1
DPH. . . . . . . . . . . . . . . . . .  SFR      DATA   U_CHAR   0083H  1
DPL. . . . . . . . . . . . . . . . . .  SFR      DATA   U_CHAR   0082H  1
EXEN2. . . . . . . . . . . . . . . . .  ABSBIT   -----  BIT      00CBH  1
REN. . . . . . . . . . . . . . . . . .  ABSBIT   -----  BIT      009CH  1
T2MOD. . . . . . . . . . . . . . . . .  SFR      DATA   U_CHAR   00C9H  1
T2CON. . . . . . . . . . . . . . . . .  SFR      DATA   U_CHAR   00C8H  1
C51 COMPILER V9.01   MAIN                                                                  01/21/2022 19:13:43 PAGE 5   

NAME                                    CLASS   MSPACE  TYPE    OFFSET  SIZE
====                                    =====   ======  ====    ======  ====


RXD. . . . . . . . . . . . . . . . . .  ABSBIT   -----  BIT      00B0H  1
TXD. . . . . . . . . . . . . . . . . .  ABSBIT   -----  BIT      00B1H  1
F0 . . . . . . . . . . . . . . . . . .  ABSBIT   -----  BIT      00D5H  1
F1 . . . . . . . . . . . . . . . . . .  ABSBIT   -----  BIT      00D1H  1
PSW. . . . . . . . . . . . . . . . . .  SFR      DATA   U_CHAR   00D0H  1


MODULE INFORMATION:   STATIC OVERLAYABLE
   CODE SIZE        =     79    ----
   CONSTANT SIZE    =   ----    ----
   XDATA SIZE       =   ----    ----
   PDATA SIZE       =   ----    ----
   DATA SIZE        =      1    ----
   IDATA SIZE       =   ----    ----
   BIT SIZE         =   ----    ----
   EDATA SIZE       =   ----    ----
   HDATA SIZE       =   ----    ----
   XDATA CONST SIZE =   ----    ----
   FAR CONST SIZE   =   ----    ----
END OF MODULE INFORMATION.


C51 COMPILATION COMPLETE.  0 WARNING(S),  0 ERROR(S)
