C51 COMPILER V9.54   MAIN                                                                  01/12/2022 21:52:17 PAGE 1   


C51 COMPILER V9.54, COMPILATION OF MODULE MAIN
OBJECT MODULE PLACED IN .\build\Release\src\main.o
COMPILER INVOKED BY: C:\Keil_v5\C51\BIN\C51.exe .\SRC\MAIN.C PRINT(.\build\Release\src\main.lst) OMF2 TABS(4) CODE NOCON
                    -D SYMBOLS OPTIMIZE(8,SPEED) SMALL ROM(LARGE) INCDIR(.\..\..\..\..\..\Keil_v5\C51\INC;.\src) DEFINE(__UVISION_VERSION=526
                    -) OBJECT(.\build\Release\src\main.o)

line level    source

   1          #include <REGX52.H>
   2          
   3          void Delay(unsigned int xms)        //@12.000MHz
   4          {
   5   1          while(xms)
   6   1          {
   7   2              unsigned char i, j;
   8   2              i = 2;
   9   2              j = 239;
  10   2              do
  11   2              {
  12   3                  while (--j);
  13   3              } while (--i);
  14   2              xms--;
  15   2          }
  16   1      }
  17          
  18          int main()
  19          { 
  20   1          unsigned int LEDNumb = 0;
  21   1          P2=~0x01;
  22   1          while(1)
  23   1          {
  24   2              if(P3_1 == 0)
  25   2              {
  26   3                  Delay(20);
  27   3                  while(P3_1 == 0);
  28   3                  Delay(20);
  29   3                  // LEDNumb<<1;//11111110
  30   3                  // P2=LEDNumb;
  31   3                  LEDNumb++;
  32   3                  if(LEDNumb>=8)
  33   3                  {
  34   4                      LEDNumb=0;
  35   4                  }
  36   3                  P2=~(0X01<<LEDNumb);
  37   3              }
  38   2              else if(P3_0 == 0)
  39   2              {
  40   3                  Delay(20);
  41   3                  while(P3_0 == 0);
  42   3                  Delay(20);
  43   3                  // LEDNumb<<1;//11111110
  44   3                  // P2=LEDNumb;
  45   3                  if(LEDNumb == 0)
  46   3                  {
  47   4                      LEDNumb=7;
  48   4                  }
  49   3                  else
  50   3                  {
  51   4                      LEDNumb--;
  52   4                  }
  53   3                  P2=~(0X01<<LEDNumb);
C51 COMPILER V9.54   MAIN                                                                  01/12/2022 21:52:17 PAGE 2   

  54   3              }
  55   2          }
  56   1      }
C51 COMPILER V9.54   MAIN                                                                  01/12/2022 21:52:17 PAGE 3   

ASSEMBLY LISTING OF GENERATED OBJECT CODE


             ; FUNCTION L?0029 (BEGIN)
0000         L?0030:
0000 7F14              MOV     R7,#014H
0002 7E00              MOV     R6,#00H
             ; FUNCTION _Delay (BEGIN)
                                           ; SOURCE LINE # 3
;---- Variable 'xms' assigned to Register 'R6/R7' ----
                                           ; SOURCE LINE # 4
0004         ?C0001:
                                           ; SOURCE LINE # 5
0004 EF                MOV     A,R7
0005 4E                ORL     A,R6
0006 6013              JZ      ?C0008
                                           ; SOURCE LINE # 6
                                           ; SOURCE LINE # 8
0008 750002      R     MOV     i,#02H
                                           ; SOURCE LINE # 9
000B 7500EF      R     MOV     j,#0EFH
                                           ; SOURCE LINE # 11
000E         ?C0006:
                                           ; SOURCE LINE # 12
000E D500FD            DJNZ    j,?C0006
0011         ?C0007:
                                           ; SOURCE LINE # 13
0011         ?C0003:
0011 D500FA            DJNZ    i,?C0006
                                           ; SOURCE LINE # 14
0014 EF                MOV     A,R7
0015 1F                DEC     R7
0016 70EC              JNZ     ?C0001
0018 1E                DEC     R6
0019         ?C0022:
                                           ; SOURCE LINE # 15
0019 80E9              SJMP    ?C0001
                                           ; SOURCE LINE # 16
001B         ?C0008:
001B 22                RET     
             ; FUNCTION _Delay (END)

             ; FUNCTION main (BEGIN)
                                           ; SOURCE LINE # 18
                                           ; SOURCE LINE # 19
                                           ; SOURCE LINE # 20
;---- Variable 'LEDNumb' assigned to Register 'R4/R5' ----
0000 E4                CLR     A
0001 FD                MOV     R5,A
0002 FC                MOV     R4,A
                                           ; SOURCE LINE # 21
0003 75A0FE            MOV     P2,#0FEH
0006         ?C0009:
                                           ; SOURCE LINE # 22
                                           ; SOURCE LINE # 23
                                           ; SOURCE LINE # 24
0006 20B12C            JB      P3_1,?C0011
                                           ; SOURCE LINE # 25
                                           ; SOURCE LINE # 26
0009 120000      R     LCALL   L?0029
000C         ?C0012:
                                           ; SOURCE LINE # 27
C51 COMPILER V9.54   MAIN                                                                  01/12/2022 21:52:17 PAGE 4   

000C 30B1FD            JNB     P3_1,?C0012
000F         ?C0013:
                                           ; SOURCE LINE # 28
000F 120000      R     LCALL   L?0029
                                           ; SOURCE LINE # 31
0012 0D                INC     R5
0013 BD0001            CJNE    R5,#00H,?C0023
0016 0C                INC     R4
0017         ?C0023:
                                           ; SOURCE LINE # 32
0017 C3                CLR     C
0018 ED                MOV     A,R5
0019 9408              SUBB    A,#08H
001B EC                MOV     A,R4
001C 9400              SUBB    A,#00H
001E 4003              JC      ?C0014
                                           ; SOURCE LINE # 33
                                           ; SOURCE LINE # 34
0020 E4                CLR     A
0021 FC                MOV     R4,A
0022 FD                MOV     R5,A
                                           ; SOURCE LINE # 35
0023         ?C0014:
                                           ; SOURCE LINE # 36
0023 AF05              MOV     R7,AR5
0025 7401              MOV     A,#01H
0027 A807              MOV     R0,AR7
0029 08                INC     R0
002A 8002              SJMP    ?C0025
002C         ?C0024:
002C C3                CLR     C
002D 33                RLC     A
002E         ?C0025:
002E D8FC              DJNZ    R0,?C0024
0030 F4                CPL     A
0031 F5A0              MOV     P2,A
                                           ; SOURCE LINE # 37
0033 80D1              SJMP    ?C0009
0035         ?C0011:
                                           ; SOURCE LINE # 38
0035 20B0CE            JB      P3_0,?C0009
                                           ; SOURCE LINE # 39
                                           ; SOURCE LINE # 40
0038 120000      R     LCALL   L?0030
003B         ?C0017:
                                           ; SOURCE LINE # 41
003B 30B0FD            JNB     P3_0,?C0017
003E         ?C0018:
                                           ; SOURCE LINE # 42
003E 120000      R     LCALL   L?0030
                                           ; SOURCE LINE # 45
0041 ED                MOV     A,R5
0042 4C                ORL     A,R4
0043 7005              JNZ     ?C0019
                                           ; SOURCE LINE # 46
                                           ; SOURCE LINE # 47
0045 FC                MOV     R4,A
0046 7D07              MOV     R5,#07H
                                           ; SOURCE LINE # 48
0048 8005              SJMP    ?C0020
004A         ?C0019:
                                           ; SOURCE LINE # 50
C51 COMPILER V9.54   MAIN                                                                  01/12/2022 21:52:17 PAGE 5   

                                           ; SOURCE LINE # 51
004A ED                MOV     A,R5
004B 1D                DEC     R5
004C 7001              JNZ     ?C0026
004E 1C                DEC     R4
004F         ?C0026:
                                           ; SOURCE LINE # 52
004F         ?C0020:
                                           ; SOURCE LINE # 53
004F AF05              MOV     R7,AR5
0051 7401              MOV     A,#01H
0053 A807              MOV     R0,AR7
0055 08                INC     R0
0056 8002              SJMP    ?C0028
0058         ?C0027:
0058 C3                CLR     C
0059 33                RLC     A
005A         ?C0028:
005A D8FC              DJNZ    R0,?C0027
005C F4                CPL     A
005D F5A0              MOV     P2,A
                                           ; SOURCE LINE # 54
                                           ; SOURCE LINE # 55
005F 80A5              SJMP    ?C0009
             ; FUNCTION main (END)

C51 COMPILER V9.54   MAIN                                                                  01/12/2022 21:52:17 PAGE 6   

NAME                                    CLASS   MSPACE  TYPE    OFFSET  SIZE
====                                    =====   ======  ====    ======  ====


P0 . . . . . . . . . . . . . . . . . .  SFR      DATA   U_CHAR   0080H  1
P1 . . . . . . . . . . . . . . . . . .  SFR      DATA   U_CHAR   0090H  1
P2 . . . . . . . . . . . . . . . . . .  SFR      DATA   U_CHAR   00A0H  1
P3 . . . . . . . . . . . . . . . . . .  SFR      DATA   U_CHAR   00B0H  1
AC . . . . . . . . . . . . . . . . . .  ABSBIT   -----  BIT      00D6H  1
T0 . . . . . . . . . . . . . . . . . .  ABSBIT   -----  BIT      00B4H  1
T1 . . . . . . . . . . . . . . . . . .  ABSBIT   -----  BIT      00B5H  1
EA . . . . . . . . . . . . . . . . . .  ABSBIT   -----  BIT      00AFH  1
T2 . . . . . . . . . . . . . . . . . .  ABSBIT   -----  BIT      0090H  1
IE . . . . . . . . . . . . . . . . . .  SFR      DATA   U_CHAR   00A8H  1
P0_0 . . . . . . . . . . . . . . . . .  ABSBIT   -----  BIT      0080H  1
P1_0 . . . . . . . . . . . . . . . . .  ABSBIT   -----  BIT      0090H  1
P0_1 . . . . . . . . . . . . . . . . .  ABSBIT   -----  BIT      0081H  1
P2_0 . . . . . . . . . . . . . . . . .  ABSBIT   -----  BIT      00A0H  1
P1_1 . . . . . . . . . . . . . . . . .  ABSBIT   -----  BIT      0091H  1
P0_2 . . . . . . . . . . . . . . . . .  ABSBIT   -----  BIT      0082H  1
P3_0 . . . . . . . . . . . . . . . . .  ABSBIT   -----  BIT      00B0H  1
P2_1 . . . . . . . . . . . . . . . . .  ABSBIT   -----  BIT      00A1H  1
P1_2 . . . . . . . . . . . . . . . . .  ABSBIT   -----  BIT      0092H  1
P0_3 . . . . . . . . . . . . . . . . .  ABSBIT   -----  BIT      0083H  1
P3_1 . . . . . . . . . . . . . . . . .  ABSBIT   -----  BIT      00B1H  1
P2_2 . . . . . . . . . . . . . . . . .  ABSBIT   -----  BIT      00A2H  1
P1_3 . . . . . . . . . . . . . . . . .  ABSBIT   -----  BIT      0093H  1
P0_4 . . . . . . . . . . . . . . . . .  ABSBIT   -----  BIT      0084H  1
P3_2 . . . . . . . . . . . . . . . . .  ABSBIT   -----  BIT      00B2H  1
P2_3 . . . . . . . . . . . . . . . . .  ABSBIT   -----  BIT      00A3H  1
P1_4 . . . . . . . . . . . . . . . . .  ABSBIT   -----  BIT      0094H  1
P0_5 . . . . . . . . . . . . . . . . .  ABSBIT   -----  BIT      0085H  1
EXF2 . . . . . . . . . . . . . . . . .  ABSBIT   -----  BIT      00CEH  1
RD . . . . . . . . . . . . . . . . . .  ABSBIT   -----  BIT      00B7H  1
P3_3 . . . . . . . . . . . . . . . . .  ABSBIT   -----  BIT      00B3H  1
P2_4 . . . . . . . . . . . . . . . . .  ABSBIT   -----  BIT      00A4H  1
P1_5 . . . . . . . . . . . . . . . . .  ABSBIT   -----  BIT      0095H  1
P0_6 . . . . . . . . . . . . . . . . .  ABSBIT   -----  BIT      0086H  1
P3_4 . . . . . . . . . . . . . . . . .  ABSBIT   -----  BIT      00B4H  1
P2_5 . . . . . . . . . . . . . . . . .  ABSBIT   -----  BIT      00A5H  1
P1_6 . . . . . . . . . . . . . . . . .  ABSBIT   -----  BIT      0096H  1
P0_7 . . . . . . . . . . . . . . . . .  ABSBIT   -----  BIT      0087H  1
P3_5 . . . . . . . . . . . . . . . . .  ABSBIT   -----  BIT      00B5H  1
ES . . . . . . . . . . . . . . . . . .  ABSBIT   -----  BIT      00ACH  1
P2_6 . . . . . . . . . . . . . . . . .  ABSBIT   -----  BIT      00A6H  1
P1_7 . . . . . . . . . . . . . . . . .  ABSBIT   -----  BIT      0097H  1
P3_6 . . . . . . . . . . . . . . . . .  ABSBIT   -----  BIT      00B6H  1
P2_7 . . . . . . . . . . . . . . . . .  ABSBIT   -----  BIT      00A7H  1
IP . . . . . . . . . . . . . . . . . .  SFR      DATA   U_CHAR   00B8H  1
P3_7 . . . . . . . . . . . . . . . . .  ABSBIT   -----  BIT      00B7H  1
RI . . . . . . . . . . . . . . . . . .  ABSBIT   -----  BIT      0098H  1
CY . . . . . . . . . . . . . . . . . .  ABSBIT   -----  BIT      00D7H  1
INT0 . . . . . . . . . . . . . . . . .  ABSBIT   -----  BIT      00B2H  1
INT1 . . . . . . . . . . . . . . . . .  ABSBIT   -----  BIT      00B3H  1
TI . . . . . . . . . . . . . . . . . .  ABSBIT   -----  BIT      0099H  1
RCAP2H . . . . . . . . . . . . . . . .  SFR      DATA   U_CHAR   00CBH  1
PS . . . . . . . . . . . . . . . . . .  ABSBIT   -----  BIT      00BCH  1
SP . . . . . . . . . . . . . . . . . .  SFR      DATA   U_CHAR   0081H  1
T2EX . . . . . . . . . . . . . . . . .  ABSBIT   -----  BIT      0091H  1
OV . . . . . . . . . . . . . . . . . .  ABSBIT   -----  BIT      00D2H  1
RCAP2L . . . . . . . . . . . . . . . .  SFR      DATA   U_CHAR   00CAH  1
C51 COMPILER V9.54   MAIN                                                                  01/12/2022 21:52:17 PAGE 7   

NAME                                    CLASS   MSPACE  TYPE    OFFSET  SIZE
====                                    =====   ======  ====    ======  ====


main . . . . . . . . . . . . . . . . .  PUBLIC   CODE   PROC     0000H  -----
  LEDNumb. . . . . . . . . . . . . . .  * REG *  DATA   U_INT    0004H  2
C_T2 . . . . . . . . . . . . . . . . .  ABSBIT   -----  BIT      00C9H  1
WR . . . . . . . . . . . . . . . . . .  ABSBIT   -----  BIT      00B6H  1
RCLK . . . . . . . . . . . . . . . . .  ABSBIT   -----  BIT      00CDH  1
TCLK . . . . . . . . . . . . . . . . .  ABSBIT   -----  BIT      00CCH  1
SBUF . . . . . . . . . . . . . . . . .  SFR      DATA   U_CHAR   0099H  1
PCON . . . . . . . . . . . . . . . . .  SFR      DATA   U_CHAR   0087H  1
SCON . . . . . . . . . . . . . . . . .  SFR      DATA   U_CHAR   0098H  1
TMOD . . . . . . . . . . . . . . . . .  SFR      DATA   U_CHAR   0089H  1
TCON . . . . . . . . . . . . . . . . .  SFR      DATA   U_CHAR   0088H  1
IE0. . . . . . . . . . . . . . . . . .  ABSBIT   -----  BIT      0089H  1
IE1. . . . . . . . . . . . . . . . . .  ABSBIT   -----  BIT      008BH  1
B. . . . . . . . . . . . . . . . . . .  SFR      DATA   U_CHAR   00F0H  1
CP_RL2 . . . . . . . . . . . . . . . .  ABSBIT   -----  BIT      00C8H  1
ACC. . . . . . . . . . . . . . . . . .  SFR      DATA   U_CHAR   00E0H  1
ET0. . . . . . . . . . . . . . . . . .  ABSBIT   -----  BIT      00A9H  1
ET1. . . . . . . . . . . . . . . . . .  ABSBIT   -----  BIT      00ABH  1
TF0. . . . . . . . . . . . . . . . . .  ABSBIT   -----  BIT      008DH  1
ET2. . . . . . . . . . . . . . . . . .  ABSBIT   -----  BIT      00ADH  1
TF1. . . . . . . . . . . . . . . . . .  ABSBIT   -----  BIT      008FH  1
TF2. . . . . . . . . . . . . . . . . .  ABSBIT   -----  BIT      00CFH  1
RB8. . . . . . . . . . . . . . . . . .  ABSBIT   -----  BIT      009AH  1
TH0. . . . . . . . . . . . . . . . . .  SFR      DATA   U_CHAR   008CH  1
EX0. . . . . . . . . . . . . . . . . .  ABSBIT   -----  BIT      00A8H  1
IT0. . . . . . . . . . . . . . . . . .  ABSBIT   -----  BIT      0088H  1
TH1. . . . . . . . . . . . . . . . . .  SFR      DATA   U_CHAR   008DH  1
EX1. . . . . . . . . . . . . . . . . .  ABSBIT   -----  BIT      00AAH  1
TB8. . . . . . . . . . . . . . . . . .  ABSBIT   -----  BIT      009BH  1
IT1. . . . . . . . . . . . . . . . . .  ABSBIT   -----  BIT      008AH  1
TH2. . . . . . . . . . . . . . . . . .  SFR      DATA   U_CHAR   00CDH  1
P. . . . . . . . . . . . . . . . . . .  ABSBIT   -----  BIT      00D0H  1
SM0. . . . . . . . . . . . . . . . . .  ABSBIT   -----  BIT      009FH  1
TL0. . . . . . . . . . . . . . . . . .  SFR      DATA   U_CHAR   008AH  1
SM1. . . . . . . . . . . . . . . . . .  ABSBIT   -----  BIT      009EH  1
TL1. . . . . . . . . . . . . . . . . .  SFR      DATA   U_CHAR   008BH  1
SM2. . . . . . . . . . . . . . . . . .  ABSBIT   -----  BIT      009DH  1
TL2. . . . . . . . . . . . . . . . . .  SFR      DATA   U_CHAR   00CCH  1
PT0. . . . . . . . . . . . . . . . . .  ABSBIT   -----  BIT      00B9H  1
RS0. . . . . . . . . . . . . . . . . .  ABSBIT   -----  BIT      00D3H  1
PT1. . . . . . . . . . . . . . . . . .  ABSBIT   -----  BIT      00BBH  1
RS1. . . . . . . . . . . . . . . . . .  ABSBIT   -----  BIT      00D4H  1
PT2. . . . . . . . . . . . . . . . . .  ABSBIT   -----  BIT      00BDH  1
TR0. . . . . . . . . . . . . . . . . .  ABSBIT   -----  BIT      008CH  1
TR1. . . . . . . . . . . . . . . . . .  ABSBIT   -----  BIT      008EH  1
TR2. . . . . . . . . . . . . . . . . .  ABSBIT   -----  BIT      00CAH  1
PX0. . . . . . . . . . . . . . . . . .  ABSBIT   -----  BIT      00B8H  1
PX1. . . . . . . . . . . . . . . . . .  ABSBIT   -----  BIT      00BAH  1
DPH. . . . . . . . . . . . . . . . . .  SFR      DATA   U_CHAR   0083H  1
DPL. . . . . . . . . . . . . . . . . .  SFR      DATA   U_CHAR   0082H  1
EXEN2. . . . . . . . . . . . . . . . .  ABSBIT   -----  BIT      00CBH  1
REN. . . . . . . . . . . . . . . . . .  ABSBIT   -----  BIT      009CH  1
T2MOD. . . . . . . . . . . . . . . . .  SFR      DATA   U_CHAR   00C9H  1
T2CON. . . . . . . . . . . . . . . . .  SFR      DATA   U_CHAR   00C8H  1
RXD. . . . . . . . . . . . . . . . . .  ABSBIT   -----  BIT      00B0H  1
TXD. . . . . . . . . . . . . . . . . .  ABSBIT   -----  BIT      00B1H  1
_Delay . . . . . . . . . . . . . . . .  PUBLIC   CODE   PROC     0004H  -----
C51 COMPILER V9.54   MAIN                                                                  01/12/2022 21:52:17 PAGE 8   

NAME                                    CLASS   MSPACE  TYPE    OFFSET  SIZE
====                                    =====   ======  ====    ======  ====


  xms. . . . . . . . . . . . . . . . .  * REG *  DATA   U_INT    0006H  2
  i. . . . . . . . . . . . . . . . . .  AUTO     DATA   U_CHAR   0000H  1
  j. . . . . . . . . . . . . . . . . .  AUTO     DATA   U_CHAR   0001H  1
F0 . . . . . . . . . . . . . . . . . .  ABSBIT   -----  BIT      00D5H  1
F1 . . . . . . . . . . . . . . . . . .  ABSBIT   -----  BIT      00D1H  1
PSW. . . . . . . . . . . . . . . . . .  SFR      DATA   U_CHAR   00D0H  1


MODULE INFORMATION:   STATIC OVERLAYABLE
   CODE SIZE        =    125    ----
   CONSTANT SIZE    =   ----    ----
   XDATA SIZE       =   ----    ----
   PDATA SIZE       =   ----    ----
   DATA SIZE        =   ----       2
   IDATA SIZE       =   ----    ----
   BIT SIZE         =   ----    ----
   EDATA SIZE       =   ----    ----
   HDATA SIZE       =   ----    ----
   XDATA CONST SIZE =   ----    ----
   FAR CONST SIZE   =   ----    ----
END OF MODULE INFORMATION.


C51 COMPILATION COMPLETE.  0 WARNING(S),  0 ERROR(S)
