[2022-01-21 14:57:24]	[done]
	build successfully !

[2022-01-21 17:17:36]	[done]
	build successfully !

[2022-01-21 17:26:49]	[done]
	build successfully !

[2022-01-21 17:30:41]	[done]
	build successfully !

[2022-01-21 17:31:15]	[done]
	build successfully !

[2022-01-21 17:33:09]	compilation failed at : "c:\Users\ZHOUIU\source\repos\ZHOUCOOKIE\51_study\串口向电脑发送数据\src\main.c", exit code: 2
  at unify_builder.Program.Main (System.String[] args) [0x01851] in <bd848165df964d26b51d3d1ad263c7b0>:0 
---
C51 COMPILER V9.01 - SN: K1DZC-TW8IHC
COPYRIGHT KEIL ELEKTRONIK GmbH 1987 - 2009
*** ERROR C202 IN LINE 7 OF .\SRC\MAIN.C: 'AUXR': undefined identifier
*** ERROR C202 IN LINE 8 OF .\SRC\MAIN.C: 'AUXR': undefined identifier
C51 COMPILATION COMPLETE.  0 WARNING(S),  2 ERROR(S)

[2022-01-21 17:33:18]	[done]
	build successfully !

[2022-01-21 17:35:57]	[done]
	build successfully !

[2022-01-21 17:38:57]	[done]
	build successfully !

[2022-01-21 17:39:53]	[done]
	build successfully !

[2022-01-21 18:39:38]	[done]
	build successfully !

[2022-01-21 18:44:28]	[done]
	build successfully !

