[2022-01-13 11:43:43]	[done]
	build successfully !

[2022-01-13 11:44:03]	[done]
	build successfully !

[2022-01-13 11:45:08]	[done]
	build successfully !

[2022-01-13 11:45:35]	[done]
	build successfully !

[2022-01-13 11:45:54]	[done]
	build successfully !

[2022-01-13 11:49:00]	compilation failed at : "c:\Users\zhouc\source\repos\51_study\动态数码管显示\src\main.c", exit code: 2
  at unify_builder.Program.Main (System.String[] args) [0x01851] in <bd848165df964d26b51d3d1ad263c7b0>:0 
---
C51 COMPILER V9.54 - SN: K1DZC-J6P97C
COPYRIGHT Copyright (C) 2012 - 2015 ARM Ltd and ARM Germany GmbH. All rights reserved.
*** WARNING C206 IN LINE 18 OF .\SRC\MAIN.C: 'Delay': missing function-prototype
*** ERROR C267 IN LINE 18 OF .\SRC\MAIN.C: 'Delay': requires ANSI-style prototype
*** ERROR C231 IN LINE 23 OF .\SRC\MAIN.C: 'Delay': redefinition
*** ERROR C231 IN LINE 35 OF .\SRC\MAIN.C: 'Delay': redefinition
C51 COMPILATION COMPLETE.  1 WARNING(S),  3 ERROR(S)

[2022-01-13 11:49:42]	[done]
	build successfully !

