[2022-01-12 17:13:56]	[done]
	build successfully !

[2022-01-12 17:18:35]	[done]
	build successfully !

[2022-01-12 17:23:31]	[done]
	build successfully !

[2022-01-12 17:28:52]	compilation failed at : "c:\Users\zhouc\Documents\KeilProject\LED闪烁\src\main.c", exit code: 2
  at unify_builder.Program.Main (System.String[] args) [0x01851] in <a005e7fdc108491b9a1a2798634168c4>:0 
---
C51 COMPILER V9.54 - SN: K1DZC-J6P97C
COPYRIGHT Copyright (C) 2012 - 2015 ARM Ltd and ARM Germany GmbH. All rights reserved.
*** WARNING C206 IN LINE 7 OF .\SRC\MAIN.C: '_nop_': missing function-prototype
*** ERROR C264 IN LINE 7 OF .\SRC\MAIN.C: intrinsic '_nop_': declaration/activation error
C51 COMPILATION COMPLETE.  1 WARNING(S),  1 ERROR(S)

[2022-01-12 17:30:03]	[done]
	build successfully !

[2022-01-12 17:30:36]	[done]
	build successfully !

[2022-01-12 17:32:36]	[done]
	build successfully !

