C51 COMPILER V9.01   DELAY                                                                 02/12/2022 18:33:10 PAGE 1   


C51 COMPILER V9.01, COMPILATION OF MODULE DELAY
OBJECT MODULE PLACED IN .\build\Release\src\Delay.o
COMPILER INVOKED BY: C:\Keil\C51\BIN\C51.exe .\SRC\DELAY.C PRINT(.\build\Release\src\Delay.lst) OMF2 TABS(4) CODE NOCOND
                    - SYMBOLS OPTIMIZE(8,SPEED) SMALL ROM(LARGE) INCDIR(.\..\..\Keil\C51\INC;.\src) DEFINE(__UVISION_VERSION=526) OBJECT(.\bu
                    -ild\Release\src\Delay.o)

line level    source

   1          
   2          void Delay(unsigned int xms)
   3          {
   4   1          unsigned char i, j;
   5   1          while(xms--)
   6   1          {
   7   2              i = 2;
   8   2              j = 239;
   9   2              do
  10   2              {
  11   3                  while (--j);
  12   3              } while (--i);
  13   2          }
  14   1      }
  15          
C51 COMPILER V9.01   DELAY                                                                 02/12/2022 18:33:10 PAGE 2   

ASSEMBLY LISTING OF GENERATED OBJECT CODE


             ; FUNCTION _Delay (BEGIN)
                                           ; SOURCE LINE # 2
;---- Variable 'xms' assigned to Register 'R6/R7' ----
                                           ; SOURCE LINE # 3
0000         ?C0001:
                                           ; SOURCE LINE # 5
0000 EF                MOV     A,R7
0001 1F                DEC     R7
0002 AC06              MOV     R4,AR6
0004 7001              JNZ     ?C0009
0006 1E                DEC     R6
0007         ?C0009:
0007 4C                ORL     A,R4
0008 600A              JZ      ?C0008
                                           ; SOURCE LINE # 6
                                           ; SOURCE LINE # 7
;---- Variable 'i' assigned to Register 'R5' ----
000A 7D02              MOV     R5,#02H
                                           ; SOURCE LINE # 8
;---- Variable 'j' assigned to Register 'R4' ----
000C 7CEF              MOV     R4,#0EFH
                                           ; SOURCE LINE # 10
000E         ?C0006:
                                           ; SOURCE LINE # 11
000E DCFE              DJNZ    R4,?C0006
0010         ?C0007:
                                           ; SOURCE LINE # 12
0010         ?C0003:
0010 DDFC              DJNZ    R5,?C0006
                                           ; SOURCE LINE # 13
0012 80EC              SJMP    ?C0001
                                           ; SOURCE LINE # 14
0014         ?C0008:
0014 22                RET     
             ; FUNCTION _Delay (END)

C51 COMPILER V9.01   DELAY                                                                 02/12/2022 18:33:10 PAGE 3   

NAME                                    CLASS   MSPACE  TYPE    OFFSET  SIZE
====                                    =====   ======  ====    ======  ====


_Delay . . . . . . . . . . . . . . . .  PUBLIC   CODE   PROC     0000H  -----
  xms. . . . . . . . . . . . . . . . .  * REG *  DATA   U_INT    0006H  2
  i. . . . . . . . . . . . . . . . . .  * REG *  DATA   U_CHAR   0005H  1
  j. . . . . . . . . . . . . . . . . .  * REG *  DATA   U_CHAR   0004H  1


MODULE INFORMATION:   STATIC OVERLAYABLE
   CODE SIZE        =     21    ----
   CONSTANT SIZE    =   ----    ----
   XDATA SIZE       =   ----    ----
   PDATA SIZE       =   ----    ----
   DATA SIZE        =   ----    ----
   IDATA SIZE       =   ----    ----
   BIT SIZE         =   ----    ----
   EDATA SIZE       =   ----    ----
   HDATA SIZE       =   ----    ----
   XDATA CONST SIZE =   ----    ----
   FAR CONST SIZE   =   ----    ----
END OF MODULE INFORMATION.


C51 COMPILATION COMPLETE.  0 WARNING(S),  0 ERROR(S)
