C51 COMPILER V9.01   NIXIE                                                                 02/12/2022 18:33:10 PAGE 1   


C51 COMPILER V9.01, COMPILATION OF MODULE NIXIE
OBJECT MODULE PLACED IN .\build\Release\src\Nixie.o
COMPILER INVOKED BY: C:\Keil\C51\BIN\C51.exe .\SRC\NIXIE.C PRINT(.\build\Release\src\Nixie.lst) OMF2 TABS(4) CODE NOCOND
                    - SYMBOLS OPTIMIZE(8,SPEED) SMALL ROM(LARGE) INCDIR(.\..\..\Keil\C51\INC;.\src) DEFINE(__UVISION_VERSION=526) OBJECT(.\bu
                    -ild\Release\src\Nixie.o)

line level    source

   1          #include <REGX52.H>
   2          #include "Delay.h"
   3          
   4          //数码管段码表
   5          unsigned char NixieTable[]={0x3F,0x06,0x5B,0x4F,0x66,0x6D,0x7D,0x07,0x7F,0x6F};
   6          
   7          /**
   8            * @brief  数码管显示
   9            * @param  Location 要显示的位置，范围：1~8
  10            * @param  Number 要显示的数字，范围：段码表索引范围
  11            * @retval 无
  12            */
  13          void Nixie(unsigned char Location,Number)
  14          {
  15   1          switch(Location)        //位码输出
  16   1          {
  17   2              case 1:P2_4=1;P2_3=1;P2_2=1;break;
  18   2              case 2:P2_4=1;P2_3=1;P2_2=0;break;
  19   2              case 3:P2_4=1;P2_3=0;P2_2=1;break;
  20   2              case 4:P2_4=1;P2_3=0;P2_2=0;break;
  21   2              case 5:P2_4=0;P2_3=1;P2_2=1;break;
  22   2              case 6:P2_4=0;P2_3=1;P2_2=0;break;
  23   2              case 7:P2_4=0;P2_3=0;P2_2=1;break;
  24   2              case 8:P2_4=0;P2_3=0;P2_2=0;break;
  25   2          }
  26   1          P0=NixieTable[Number];  //段码输出
  27   1      //  Delay(1);               //显示一段时间
  28   1      //  P0=0x00;                //段码清0，消影
  29   1      }
C51 COMPILER V9.01   NIXIE                                                                 02/12/2022 18:33:10 PAGE 2   

ASSEMBLY LISTING OF GENERATED OBJECT CODE


             ; FUNCTION _Nixie (BEGIN)
                                           ; SOURCE LINE # 13
;---- Variable 'Number' assigned to Register 'R4/R5' ----
;---- Variable 'Location' assigned to Register 'R7' ----
                                           ; SOURCE LINE # 14
                                           ; SOURCE LINE # 15
0000 EF                MOV     A,R7
0001 14                DEC     A
0002 B40800            CJNE    A,#08H,?C0011
0005         ?C0011:
0005 5054              JNC     ?C0001
0007 900000      R     MOV     DPTR,#?C0012
000A 75F003            MOV     B,#03H
000D A4                MUL     AB
000E C583              XCH     A,DPH
0010 25F0              ADD     A,B
0012 C583              XCH     A,DPH
0014 73                JMP     @A+DPTR
0015         ?C0012:
0015 020000      R     LJMP    ?C0002
0018 020000      R     LJMP    ?C0003
001B 020000      R     LJMP    ?C0004
001E 020000      R     LJMP    ?C0005
0021 020000      R     LJMP    ?C0006
0024 020000      R     LJMP    ?C0007
0027 020000      R     LJMP    ?C0008
002A 020000      R     LJMP    ?C0009
                                           ; SOURCE LINE # 16
                                           ; SOURCE LINE # 17
002D         ?C0002:
002D D2A4              SETB    P2_4
002F 800E              SJMP    ?C0013
                                           ; SOURCE LINE # 18
0031         ?C0003:
0031 D2A4              SETB    P2_4
0033 8012              SJMP    ?C0014
                                           ; SOURCE LINE # 19
0035         ?C0004:
0035 D2A4              SETB    P2_4
0037 8016              SJMP    ?C0015
                                           ; SOURCE LINE # 20
0039         ?C0005:
0039 D2A4              SETB    P2_4
003B 801A              SJMP    ?C0016
                                           ; SOURCE LINE # 21
003D         ?C0006:
003D C2A4              CLR     P2_4
003F         ?C0013:
003F D2A3              SETB    P2_3
0041 D2A2              SETB    P2_2
0043 8016              SJMP    ?C0001
                                           ; SOURCE LINE # 22
0045         ?C0007:
0045 C2A4              CLR     P2_4
0047         ?C0014:
0047 D2A3              SETB    P2_3
0049 C2A2              CLR     P2_2
004B 800E              SJMP    ?C0001
                                           ; SOURCE LINE # 23
C51 COMPILER V9.01   NIXIE                                                                 02/12/2022 18:33:10 PAGE 3   

004D         ?C0008:
004D C2A4              CLR     P2_4
004F         ?C0015:
004F C2A3              CLR     P2_3
0051 D2A2              SETB    P2_2
0053 8006              SJMP    ?C0001
                                           ; SOURCE LINE # 24
0055         ?C0009:
0055 C2A4              CLR     P2_4
0057         ?C0016:
0057 C2A3              CLR     P2_3
0059 C2A2              CLR     P2_2
                                           ; SOURCE LINE # 25
005B         ?C0001:
                                           ; SOURCE LINE # 26
005B 7400        R     MOV     A,#LOW NixieTable
005D 2D                ADD     A,R5
005E F8                MOV     R0,A
005F E6                MOV     A,@R0
0060 F580              MOV     P0,A
                                           ; SOURCE LINE # 29
0062 22                RET     
             ; FUNCTION _Nixie (END)

C51 COMPILER V9.01   NIXIE                                                                 02/12/2022 18:33:10 PAGE 4   

NAME                                    CLASS   MSPACE  TYPE    OFFSET  SIZE
====                                    =====   ======  ====    ======  ====


_Nixie . . . . . . . . . . . . . . . .  PUBLIC   CODE   PROC     0000H  -----
  Location . . . . . . . . . . . . . .  * REG *  DATA   U_CHAR   0007H  1
  Number . . . . . . . . . . . . . . .  * REG *  DATA   INT      0004H  2
P0 . . . . . . . . . . . . . . . . . .  SFR      DATA   U_CHAR   0080H  1
P1 . . . . . . . . . . . . . . . . . .  SFR      DATA   U_CHAR   0090H  1
P2 . . . . . . . . . . . . . . . . . .  SFR      DATA   U_CHAR   00A0H  1
P3 . . . . . . . . . . . . . . . . . .  SFR      DATA   U_CHAR   00B0H  1
AC . . . . . . . . . . . . . . . . . .  ABSBIT   -----  BIT      00D6H  1
T0 . . . . . . . . . . . . . . . . . .  ABSBIT   -----  BIT      00B4H  1
T1 . . . . . . . . . . . . . . . . . .  ABSBIT   -----  BIT      00B5H  1
EA . . . . . . . . . . . . . . . . . .  ABSBIT   -----  BIT      00AFH  1
T2 . . . . . . . . . . . . . . . . . .  ABSBIT   -----  BIT      0090H  1
IE . . . . . . . . . . . . . . . . . .  SFR      DATA   U_CHAR   00A8H  1
P0_0 . . . . . . . . . . . . . . . . .  ABSBIT   -----  BIT      0080H  1
P1_0 . . . . . . . . . . . . . . . . .  ABSBIT   -----  BIT      0090H  1
P0_1 . . . . . . . . . . . . . . . . .  ABSBIT   -----  BIT      0081H  1
P2_0 . . . . . . . . . . . . . . . . .  ABSBIT   -----  BIT      00A0H  1
P1_1 . . . . . . . . . . . . . . . . .  ABSBIT   -----  BIT      0091H  1
P0_2 . . . . . . . . . . . . . . . . .  ABSBIT   -----  BIT      0082H  1
P3_0 . . . . . . . . . . . . . . . . .  ABSBIT   -----  BIT      00B0H  1
P2_1 . . . . . . . . . . . . . . . . .  ABSBIT   -----  BIT      00A1H  1
P1_2 . . . . . . . . . . . . . . . . .  ABSBIT   -----  BIT      0092H  1
P0_3 . . . . . . . . . . . . . . . . .  ABSBIT   -----  BIT      0083H  1
P3_1 . . . . . . . . . . . . . . . . .  ABSBIT   -----  BIT      00B1H  1
P2_2 . . . . . . . . . . . . . . . . .  ABSBIT   -----  BIT      00A2H  1
P1_3 . . . . . . . . . . . . . . . . .  ABSBIT   -----  BIT      0093H  1
P0_4 . . . . . . . . . . . . . . . . .  ABSBIT   -----  BIT      0084H  1
P3_2 . . . . . . . . . . . . . . . . .  ABSBIT   -----  BIT      00B2H  1
P2_3 . . . . . . . . . . . . . . . . .  ABSBIT   -----  BIT      00A3H  1
P1_4 . . . . . . . . . . . . . . . . .  ABSBIT   -----  BIT      0094H  1
P0_5 . . . . . . . . . . . . . . . . .  ABSBIT   -----  BIT      0085H  1
EXF2 . . . . . . . . . . . . . . . . .  ABSBIT   -----  BIT      00CEH  1
RD . . . . . . . . . . . . . . . . . .  ABSBIT   -----  BIT      00B7H  1
P3_3 . . . . . . . . . . . . . . . . .  ABSBIT   -----  BIT      00B3H  1
P2_4 . . . . . . . . . . . . . . . . .  ABSBIT   -----  BIT      00A4H  1
P1_5 . . . . . . . . . . . . . . . . .  ABSBIT   -----  BIT      0095H  1
P0_6 . . . . . . . . . . . . . . . . .  ABSBIT   -----  BIT      0086H  1
P3_4 . . . . . . . . . . . . . . . . .  ABSBIT   -----  BIT      00B4H  1
P2_5 . . . . . . . . . . . . . . . . .  ABSBIT   -----  BIT      00A5H  1
P1_6 . . . . . . . . . . . . . . . . .  ABSBIT   -----  BIT      0096H  1
P0_7 . . . . . . . . . . . . . . . . .  ABSBIT   -----  BIT      0087H  1
P3_5 . . . . . . . . . . . . . . . . .  ABSBIT   -----  BIT      00B5H  1
ES . . . . . . . . . . . . . . . . . .  ABSBIT   -----  BIT      00ACH  1
P2_6 . . . . . . . . . . . . . . . . .  ABSBIT   -----  BIT      00A6H  1
P1_7 . . . . . . . . . . . . . . . . .  ABSBIT   -----  BIT      0097H  1
P3_6 . . . . . . . . . . . . . . . . .  ABSBIT   -----  BIT      00B6H  1
P2_7 . . . . . . . . . . . . . . . . .  ABSBIT   -----  BIT      00A7H  1
IP . . . . . . . . . . . . . . . . . .  SFR      DATA   U_CHAR   00B8H  1
P3_7 . . . . . . . . . . . . . . . . .  ABSBIT   -----  BIT      00B7H  1
RI . . . . . . . . . . . . . . . . . .  ABSBIT   -----  BIT      0098H  1
CY . . . . . . . . . . . . . . . . . .  ABSBIT   -----  BIT      00D7H  1
INT0 . . . . . . . . . . . . . . . . .  ABSBIT   -----  BIT      00B2H  1
INT1 . . . . . . . . . . . . . . . . .  ABSBIT   -----  BIT      00B3H  1
TI . . . . . . . . . . . . . . . . . .  ABSBIT   -----  BIT      0099H  1
RCAP2H . . . . . . . . . . . . . . . .  SFR      DATA   U_CHAR   00CBH  1
PS . . . . . . . . . . . . . . . . . .  ABSBIT   -----  BIT      00BCH  1
SP . . . . . . . . . . . . . . . . . .  SFR      DATA   U_CHAR   0081H  1
C51 COMPILER V9.01   NIXIE                                                                 02/12/2022 18:33:10 PAGE 5   

NAME                                    CLASS   MSPACE  TYPE    OFFSET  SIZE
====                                    =====   ======  ====    ======  ====


T2EX . . . . . . . . . . . . . . . . .  ABSBIT   -----  BIT      0091H  1
OV . . . . . . . . . . . . . . . . . .  ABSBIT   -----  BIT      00D2H  1
RCAP2L . . . . . . . . . . . . . . . .  SFR      DATA   U_CHAR   00CAH  1
C_T2 . . . . . . . . . . . . . . . . .  ABSBIT   -----  BIT      00C9H  1
WR . . . . . . . . . . . . . . . . . .  ABSBIT   -----  BIT      00B6H  1
RCLK . . . . . . . . . . . . . . . . .  ABSBIT   -----  BIT      00CDH  1
TCLK . . . . . . . . . . . . . . . . .  ABSBIT   -----  BIT      00CCH  1
SBUF . . . . . . . . . . . . . . . . .  SFR      DATA   U_CHAR   0099H  1
PCON . . . . . . . . . . . . . . . . .  SFR      DATA   U_CHAR   0087H  1
SCON . . . . . . . . . . . . . . . . .  SFR      DATA   U_CHAR   0098H  1
TMOD . . . . . . . . . . . . . . . . .  SFR      DATA   U_CHAR   0089H  1
TCON . . . . . . . . . . . . . . . . .  SFR      DATA   U_CHAR   0088H  1
IE0. . . . . . . . . . . . . . . . . .  ABSBIT   -----  BIT      0089H  1
IE1. . . . . . . . . . . . . . . . . .  ABSBIT   -----  BIT      008BH  1
B. . . . . . . . . . . . . . . . . . .  SFR      DATA   U_CHAR   00F0H  1
CP_RL2 . . . . . . . . . . . . . . . .  ABSBIT   -----  BIT      00C8H  1
ACC. . . . . . . . . . . . . . . . . .  SFR      DATA   U_CHAR   00E0H  1
ET0. . . . . . . . . . . . . . . . . .  ABSBIT   -----  BIT      00A9H  1
ET1. . . . . . . . . . . . . . . . . .  ABSBIT   -----  BIT      00ABH  1
TF0. . . . . . . . . . . . . . . . . .  ABSBIT   -----  BIT      008DH  1
ET2. . . . . . . . . . . . . . . . . .  ABSBIT   -----  BIT      00ADH  1
TF1. . . . . . . . . . . . . . . . . .  ABSBIT   -----  BIT      008FH  1
TF2. . . . . . . . . . . . . . . . . .  ABSBIT   -----  BIT      00CFH  1
RB8. . . . . . . . . . . . . . . . . .  ABSBIT   -----  BIT      009AH  1
TH0. . . . . . . . . . . . . . . . . .  SFR      DATA   U_CHAR   008CH  1
EX0. . . . . . . . . . . . . . . . . .  ABSBIT   -----  BIT      00A8H  1
IT0. . . . . . . . . . . . . . . . . .  ABSBIT   -----  BIT      0088H  1
TH1. . . . . . . . . . . . . . . . . .  SFR      DATA   U_CHAR   008DH  1
EX1. . . . . . . . . . . . . . . . . .  ABSBIT   -----  BIT      00AAH  1
TB8. . . . . . . . . . . . . . . . . .  ABSBIT   -----  BIT      009BH  1
IT1. . . . . . . . . . . . . . . . . .  ABSBIT   -----  BIT      008AH  1
TH2. . . . . . . . . . . . . . . . . .  SFR      DATA   U_CHAR   00CDH  1
P. . . . . . . . . . . . . . . . . . .  ABSBIT   -----  BIT      00D0H  1
SM0. . . . . . . . . . . . . . . . . .  ABSBIT   -----  BIT      009FH  1
TL0. . . . . . . . . . . . . . . . . .  SFR      DATA   U_CHAR   008AH  1
SM1. . . . . . . . . . . . . . . . . .  ABSBIT   -----  BIT      009EH  1
TL1. . . . . . . . . . . . . . . . . .  SFR      DATA   U_CHAR   008BH  1
SM2. . . . . . . . . . . . . . . . . .  ABSBIT   -----  BIT      009DH  1
TL2. . . . . . . . . . . . . . . . . .  SFR      DATA   U_CHAR   00CCH  1
PT0. . . . . . . . . . . . . . . . . .  ABSBIT   -----  BIT      00B9H  1
RS0. . . . . . . . . . . . . . . . . .  ABSBIT   -----  BIT      00D3H  1
PT1. . . . . . . . . . . . . . . . . .  ABSBIT   -----  BIT      00BBH  1
RS1. . . . . . . . . . . . . . . . . .  ABSBIT   -----  BIT      00D4H  1
PT2. . . . . . . . . . . . . . . . . .  ABSBIT   -----  BIT      00BDH  1
TR0. . . . . . . . . . . . . . . . . .  ABSBIT   -----  BIT      008CH  1
TR1. . . . . . . . . . . . . . . . . .  ABSBIT   -----  BIT      008EH  1
TR2. . . . . . . . . . . . . . . . . .  ABSBIT   -----  BIT      00CAH  1
PX0. . . . . . . . . . . . . . . . . .  ABSBIT   -----  BIT      00B8H  1
PX1. . . . . . . . . . . . . . . . . .  ABSBIT   -----  BIT      00BAH  1
DPH. . . . . . . . . . . . . . . . . .  SFR      DATA   U_CHAR   0083H  1
DPL. . . . . . . . . . . . . . . . . .  SFR      DATA   U_CHAR   0082H  1
EXEN2. . . . . . . . . . . . . . . . .  ABSBIT   -----  BIT      00CBH  1
REN. . . . . . . . . . . . . . . . . .  ABSBIT   -----  BIT      009CH  1
T2MOD. . . . . . . . . . . . . . . . .  SFR      DATA   U_CHAR   00C9H  1
T2CON. . . . . . . . . . . . . . . . .  SFR      DATA   U_CHAR   00C8H  1
NixieTable . . . . . . . . . . . . . .  PUBLIC   DATA   ARRAY    0000H  10
RXD. . . . . . . . . . . . . . . . . .  ABSBIT   -----  BIT      00B0H  1
C51 COMPILER V9.01   NIXIE                                                                 02/12/2022 18:33:10 PAGE 6   

NAME                                    CLASS   MSPACE  TYPE    OFFSET  SIZE
====                                    =====   ======  ====    ======  ====


TXD. . . . . . . . . . . . . . . . . .  ABSBIT   -----  BIT      00B1H  1
F0 . . . . . . . . . . . . . . . . . .  ABSBIT   -----  BIT      00D5H  1
F1 . . . . . . . . . . . . . . . . . .  ABSBIT   -----  BIT      00D1H  1
PSW. . . . . . . . . . . . . . . . . .  SFR      DATA   U_CHAR   00D0H  1


MODULE INFORMATION:   STATIC OVERLAYABLE
   CODE SIZE        =     99    ----
   CONSTANT SIZE    =   ----    ----
   XDATA SIZE       =   ----    ----
   PDATA SIZE       =   ----    ----
   DATA SIZE        =     10    ----
   IDATA SIZE       =   ----    ----
   BIT SIZE         =   ----    ----
   EDATA SIZE       =   ----    ----
   HDATA SIZE       =   ----    ----
   XDATA CONST SIZE =   ----    ----
   FAR CONST SIZE   =   ----    ----
END OF MODULE INFORMATION.


C51 COMPILATION COMPLETE.  0 WARNING(S),  0 ERROR(S)
