C51 COMPILER V9.54   MAIN                                                                  01/14/2022 18:18:10 PAGE 1   


C51 COMPILER V9.54, COMPILATION OF MODULE MAIN
OBJECT MODULE PLACED IN .\build\Release\src\main.o
COMPILER INVOKED BY: C:\Keil_v5\C51\BIN\C51.exe .\SRC\MAIN.C PRINT(.\build\Release\src\main.lst) OMF2 TABS(4) CODE NOCON
                    -D SYMBOLS OPTIMIZE(8,SPEED) SMALL ROM(LARGE) INCDIR(.\..\..\..\..\..\..\Keil_v5\C51\INC;.\src) DEFINE(__UVISION_VERSION=
                    -526) OBJECT(.\build\Release\src\main.o)

line level    source

   1          #include "REGX52.H"
   2          #include <Delay.h>
   3          #include "LCD1602.h"
   4          #include "MatrixKey.h"
   5          
   6          unsigned char KeyNum;
   7          unsigned int Password,Count;
   8          
   9          void main()
  10          {
  11   1          LCD_Init();
  12   1          LCD_ShowString(1,1,"Password:");
  13   1          while(1)
  14   1          {
  15   2              KeyNum=MatrixKey();
  16   2              if(KeyNum)
  17   2              {
  18   3                  if(KeyNum<10 && Count<4)
  19   3                  {
  20   4                      Password*=10;
  21   4                      Password+=KeyNum%10;
  22   4                      Count++;
  23   4                  }
  24   3                  LCD_ShowNum(2,1,Password,4);
  25   3              }
  26   2              if(KeyNum==11)
  27   2              {
  28   3                  if(Password==2345)
  29   3                  {
  30   4                      LCD_ShowString(1,13,"OK!");
  31   4                      Password=0;
  32   4                      Count=0;
  33   4                  }
  34   3                  else
  35   3                  {
  36   4                      LCD_ShowString(1,13,"ERR");
  37   4                      Password=0;
  38   4                      Count=0;
  39   4                  }
  40   3              }
  41   2              if (KeyNum==12)
  42   2              {
  43   3                  Password=0;
  44   3                  Count=0;
  45   3                  LCD_ShowNum(2,1,Password,4);
  46   3              }  
  47   2          }
  48   1      }
C51 COMPILER V9.54   MAIN                                                                  01/14/2022 18:18:10 PAGE 2   

ASSEMBLY LISTING OF GENERATED OBJECT CODE


             ; FUNCTION main (BEGIN)
                                           ; SOURCE LINE # 9
                                           ; SOURCE LINE # 10
                                           ; SOURCE LINE # 11
0000 120000      E     LCALL   LCD_Init
                                           ; SOURCE LINE # 12
0003 7BFF              MOV     R3,#0FFH
0005 7A00        R     MOV     R2,#HIGH ?SC_0
0007 7900        R     MOV     R1,#LOW ?SC_0
0009 7D01              MOV     R5,#01H
000B 7F01              MOV     R7,#01H
000D 120000      E     LCALL   _LCD_ShowString
0010         ?C0001:
                                           ; SOURCE LINE # 13
                                           ; SOURCE LINE # 14
                                           ; SOURCE LINE # 15
0010 120000      E     LCALL   MatrixKey
0013 8F00        R     MOV     KeyNum,R7
                                           ; SOURCE LINE # 16
0015 E500        R     MOV     A,KeyNum
0017 6046              JZ      ?C0003
                                           ; SOURCE LINE # 17
                                           ; SOURCE LINE # 18
0019 C3                CLR     C
001A 940A              SUBB    A,#0AH
001C 5033              JNC     ?C0004
001E C3                CLR     C
001F E500        R     MOV     A,Count+01H
0021 9404              SUBB    A,#04H
0023 E500        R     MOV     A,Count
0025 9400              SUBB    A,#00H
0027 5028              JNC     ?C0004
                                           ; SOURCE LINE # 19
                                           ; SOURCE LINE # 20
0029 AE00        R     MOV     R6,Password
002B AF00        R     MOV     R7,Password+01H
002D 7C00              MOV     R4,#00H
002F 7D0A              MOV     R5,#0AH
0031 120000      E     LCALL   ?C?IMUL
0034 8E00        R     MOV     Password,R6
0036 8F00        R     MOV     Password+01H,R7
                                           ; SOURCE LINE # 21
0038 E500        R     MOV     A,KeyNum
003A 75F00A            MOV     B,#0AH
003D 84                DIV     AB
003E E5F0              MOV     A,B
0040 2500        R     ADD     A,Password+01H
0042 F500        R     MOV     Password+01H,A
0044 E4                CLR     A
0045 3500        R     ADDC    A,Password
0047 F500        R     MOV     Password,A
                                           ; SOURCE LINE # 22
0049 0500        R     INC     Count+01H
004B E500        R     MOV     A,Count+01H
004D 7002              JNZ     ?C0010
004F 0500        R     INC     Count
0051         ?C0010:
                                           ; SOURCE LINE # 23
0051         ?C0004:
C51 COMPILER V9.54   MAIN                                                                  01/14/2022 18:18:10 PAGE 3   

                                           ; SOURCE LINE # 24
0051 750004      E     MOV     ?_LCD_ShowNum?BYTE+04H,#04H
0054 AB00        R     MOV     R3,Password+01H
0056 AA00        R     MOV     R2,Password
0058 7D01              MOV     R5,#01H
005A 7F02              MOV     R7,#02H
005C 120000      E     LCALL   _LCD_ShowNum
                                           ; SOURCE LINE # 25
005F         ?C0003:
                                           ; SOURCE LINE # 26
005F E500        R     MOV     A,KeyNum
0061 640B              XRL     A,#0BH
0063 7028              JNZ     ?C0005
                                           ; SOURCE LINE # 27
                                           ; SOURCE LINE # 28
0065 E500        R     MOV     A,Password+01H
0067 B4290D            CJNE    A,#029H,?C0006
006A E500        R     MOV     A,Password
006C B40908            CJNE    A,#09H,?C0006
                                           ; SOURCE LINE # 29
                                           ; SOURCE LINE # 30
006F 7BFF              MOV     R3,#0FFH
0071 7A00        R     MOV     R2,#HIGH ?SC_10
0073 7900        R     MOV     R1,#LOW ?SC_10
                                           ; SOURCE LINE # 31
                                           ; SOURCE LINE # 32
                                           ; SOURCE LINE # 33
0075 8006              SJMP    ?C0012
0077         ?C0006:
                                           ; SOURCE LINE # 35
                                           ; SOURCE LINE # 36
0077 7BFF              MOV     R3,#0FFH
0079 7A00        R     MOV     R2,#HIGH ?SC_14
007B 7900        R     MOV     R1,#LOW ?SC_14
007D         ?C0012:
007D 7D0D              MOV     R5,#0DH
007F 7F01              MOV     R7,#01H
0081 120000      E     LCALL   _LCD_ShowString
                                           ; SOURCE LINE # 37
0084 E4                CLR     A
0085 F500        R     MOV     Password,A
0087 F500        R     MOV     Password+01H,A
                                           ; SOURCE LINE # 38
0089 F500        R     MOV     Count,A
008B F500        R     MOV     Count+01H,A
                                           ; SOURCE LINE # 39
                                           ; SOURCE LINE # 40
008D         ?C0005:
                                           ; SOURCE LINE # 41
008D E500        R     MOV     A,KeyNum
008F 640C              XRL     A,#0CH
0091 6003              JZ      $ + 5H
0093 020000      R     LJMP    ?C0001
                                           ; SOURCE LINE # 42
                                           ; SOURCE LINE # 43
0096 F500        R     MOV     Password,A
0098 F500        R     MOV     Password+01H,A
                                           ; SOURCE LINE # 44
009A F500        R     MOV     Count,A
009C F500        R     MOV     Count+01H,A
                                           ; SOURCE LINE # 45
009E 750004      E     MOV     ?_LCD_ShowNum?BYTE+04H,#04H
C51 COMPILER V9.54   MAIN                                                                  01/14/2022 18:18:10 PAGE 4   

00A1 AB00        R     MOV     R3,Password+01H
00A3 AA00        R     MOV     R2,Password
00A5 7D01              MOV     R5,#01H
00A7 7F02              MOV     R7,#02H
00A9 120000      E     LCALL   _LCD_ShowNum
                                           ; SOURCE LINE # 46
                                           ; SOURCE LINE # 47
00AC 020000      R     LJMP    ?C0001
             ; FUNCTION main (END)

C51 COMPILER V9.54   MAIN                                                                  01/14/2022 18:18:10 PAGE 5   

NAME                                    CLASS   MSPACE  TYPE    OFFSET  SIZE
====                                    =====   ======  ====    ======  ====


P0 . . . . . . . . . . . . . . . . . .  SFR      DATA   U_CHAR   0080H  1
P1 . . . . . . . . . . . . . . . . . .  SFR      DATA   U_CHAR   0090H  1
P2 . . . . . . . . . . . . . . . . . .  SFR      DATA   U_CHAR   00A0H  1
P3 . . . . . . . . . . . . . . . . . .  SFR      DATA   U_CHAR   00B0H  1
AC . . . . . . . . . . . . . . . . . .  ABSBIT   -----  BIT      00D6H  1
T0 . . . . . . . . . . . . . . . . . .  ABSBIT   -----  BIT      00B4H  1
T1 . . . . . . . . . . . . . . . . . .  ABSBIT   -----  BIT      00B5H  1
EA . . . . . . . . . . . . . . . . . .  ABSBIT   -----  BIT      00AFH  1
T2 . . . . . . . . . . . . . . . . . .  ABSBIT   -----  BIT      0090H  1
_LCD_ShowNum . . . . . . . . . . . . .  EXTERN   CODE   PROC     -----  -----
Count. . . . . . . . . . . . . . . . .  PUBLIC   DATA   U_INT    0000H  2
IE . . . . . . . . . . . . . . . . . .  SFR      DATA   U_CHAR   00A8H  1
P0_0 . . . . . . . . . . . . . . . . .  ABSBIT   -----  BIT      0080H  1
P1_0 . . . . . . . . . . . . . . . . .  ABSBIT   -----  BIT      0090H  1
P0_1 . . . . . . . . . . . . . . . . .  ABSBIT   -----  BIT      0081H  1
P2_0 . . . . . . . . . . . . . . . . .  ABSBIT   -----  BIT      00A0H  1
P1_1 . . . . . . . . . . . . . . . . .  ABSBIT   -----  BIT      0091H  1
P0_2 . . . . . . . . . . . . . . . . .  ABSBIT   -----  BIT      0082H  1
P3_0 . . . . . . . . . . . . . . . . .  ABSBIT   -----  BIT      00B0H  1
P2_1 . . . . . . . . . . . . . . . . .  ABSBIT   -----  BIT      00A1H  1
P1_2 . . . . . . . . . . . . . . . . .  ABSBIT   -----  BIT      0092H  1
P0_3 . . . . . . . . . . . . . . . . .  ABSBIT   -----  BIT      0083H  1
P3_1 . . . . . . . . . . . . . . . . .  ABSBIT   -----  BIT      00B1H  1
P2_2 . . . . . . . . . . . . . . . . .  ABSBIT   -----  BIT      00A2H  1
P1_3 . . . . . . . . . . . . . . . . .  ABSBIT   -----  BIT      0093H  1
P0_4 . . . . . . . . . . . . . . . . .  ABSBIT   -----  BIT      0084H  1
P3_2 . . . . . . . . . . . . . . . . .  ABSBIT   -----  BIT      00B2H  1
P2_3 . . . . . . . . . . . . . . . . .  ABSBIT   -----  BIT      00A3H  1
P1_4 . . . . . . . . . . . . . . . . .  ABSBIT   -----  BIT      0094H  1
P0_5 . . . . . . . . . . . . . . . . .  ABSBIT   -----  BIT      0085H  1
EXF2 . . . . . . . . . . . . . . . . .  ABSBIT   -----  BIT      00CEH  1
RD . . . . . . . . . . . . . . . . . .  ABSBIT   -----  BIT      00B7H  1
P3_3 . . . . . . . . . . . . . . . . .  ABSBIT   -----  BIT      00B3H  1
P2_4 . . . . . . . . . . . . . . . . .  ABSBIT   -----  BIT      00A4H  1
P1_5 . . . . . . . . . . . . . . . . .  ABSBIT   -----  BIT      0095H  1
P0_6 . . . . . . . . . . . . . . . . .  ABSBIT   -----  BIT      0086H  1
P3_4 . . . . . . . . . . . . . . . . .  ABSBIT   -----  BIT      00B4H  1
P2_5 . . . . . . . . . . . . . . . . .  ABSBIT   -----  BIT      00A5H  1
P1_6 . . . . . . . . . . . . . . . . .  ABSBIT   -----  BIT      0096H  1
P0_7 . . . . . . . . . . . . . . . . .  ABSBIT   -----  BIT      0087H  1
P3_5 . . . . . . . . . . . . . . . . .  ABSBIT   -----  BIT      00B5H  1
ES . . . . . . . . . . . . . . . . . .  ABSBIT   -----  BIT      00ACH  1
P2_6 . . . . . . . . . . . . . . . . .  ABSBIT   -----  BIT      00A6H  1
P1_7 . . . . . . . . . . . . . . . . .  ABSBIT   -----  BIT      0097H  1
P3_6 . . . . . . . . . . . . . . . . .  ABSBIT   -----  BIT      00B6H  1
P2_7 . . . . . . . . . . . . . . . . .  ABSBIT   -----  BIT      00A7H  1
IP . . . . . . . . . . . . . . . . . .  SFR      DATA   U_CHAR   00B8H  1
P3_7 . . . . . . . . . . . . . . . . .  ABSBIT   -----  BIT      00B7H  1
RI . . . . . . . . . . . . . . . . . .  ABSBIT   -----  BIT      0098H  1
CY . . . . . . . . . . . . . . . . . .  ABSBIT   -----  BIT      00D7H  1
INT0 . . . . . . . . . . . . . . . . .  ABSBIT   -----  BIT      00B2H  1
INT1 . . . . . . . . . . . . . . . . .  ABSBIT   -----  BIT      00B3H  1
TI . . . . . . . . . . . . . . . . . .  ABSBIT   -----  BIT      0099H  1
RCAP2H . . . . . . . . . . . . . . . .  SFR      DATA   U_CHAR   00CBH  1
PS . . . . . . . . . . . . . . . . . .  ABSBIT   -----  BIT      00BCH  1
SP . . . . . . . . . . . . . . . . . .  SFR      DATA   U_CHAR   0081H  1
MatrixKey. . . . . . . . . . . . . . .  EXTERN   CODE   PROC     -----  -----
C51 COMPILER V9.54   MAIN                                                                  01/14/2022 18:18:10 PAGE 6   

NAME                                    CLASS   MSPACE  TYPE    OFFSET  SIZE
====                                    =====   ======  ====    ======  ====


T2EX . . . . . . . . . . . . . . . . .  ABSBIT   -----  BIT      0091H  1
OV . . . . . . . . . . . . . . . . . .  ABSBIT   -----  BIT      00D2H  1
RCAP2L . . . . . . . . . . . . . . . .  SFR      DATA   U_CHAR   00CAH  1
main . . . . . . . . . . . . . . . . .  PUBLIC   CODE   PROC     0000H  -----
C_T2 . . . . . . . . . . . . . . . . .  ABSBIT   -----  BIT      00C9H  1
WR . . . . . . . . . . . . . . . . . .  ABSBIT   -----  BIT      00B6H  1
RCLK . . . . . . . . . . . . . . . . .  ABSBIT   -----  BIT      00CDH  1
TCLK . . . . . . . . . . . . . . . . .  ABSBIT   -----  BIT      00CCH  1
SBUF . . . . . . . . . . . . . . . . .  SFR      DATA   U_CHAR   0099H  1
PCON . . . . . . . . . . . . . . . . .  SFR      DATA   U_CHAR   0087H  1
SCON . . . . . . . . . . . . . . . . .  SFR      DATA   U_CHAR   0098H  1
TMOD . . . . . . . . . . . . . . . . .  SFR      DATA   U_CHAR   0089H  1
TCON . . . . . . . . . . . . . . . . .  SFR      DATA   U_CHAR   0088H  1
IE0. . . . . . . . . . . . . . . . . .  ABSBIT   -----  BIT      0089H  1
IE1. . . . . . . . . . . . . . . . . .  ABSBIT   -----  BIT      008BH  1
B. . . . . . . . . . . . . . . . . . .  SFR      DATA   U_CHAR   00F0H  1
CP_RL2 . . . . . . . . . . . . . . . .  ABSBIT   -----  BIT      00C8H  1
ACC. . . . . . . . . . . . . . . . . .  SFR      DATA   U_CHAR   00E0H  1
ET0. . . . . . . . . . . . . . . . . .  ABSBIT   -----  BIT      00A9H  1
LCD_Init . . . . . . . . . . . . . . .  EXTERN   CODE   PROC     -----  -----
ET1. . . . . . . . . . . . . . . . . .  ABSBIT   -----  BIT      00ABH  1
TF0. . . . . . . . . . . . . . . . . .  ABSBIT   -----  BIT      008DH  1
ET2. . . . . . . . . . . . . . . . . .  ABSBIT   -----  BIT      00ADH  1
TF1. . . . . . . . . . . . . . . . . .  ABSBIT   -----  BIT      008FH  1
TF2. . . . . . . . . . . . . . . . . .  ABSBIT   -----  BIT      00CFH  1
RB8. . . . . . . . . . . . . . . . . .  ABSBIT   -----  BIT      009AH  1
TH0. . . . . . . . . . . . . . . . . .  SFR      DATA   U_CHAR   008CH  1
EX0. . . . . . . . . . . . . . . . . .  ABSBIT   -----  BIT      00A8H  1
IT0. . . . . . . . . . . . . . . . . .  ABSBIT   -----  BIT      0088H  1
TH1. . . . . . . . . . . . . . . . . .  SFR      DATA   U_CHAR   008DH  1
EX1. . . . . . . . . . . . . . . . . .  ABSBIT   -----  BIT      00AAH  1
TB8. . . . . . . . . . . . . . . . . .  ABSBIT   -----  BIT      009BH  1
IT1. . . . . . . . . . . . . . . . . .  ABSBIT   -----  BIT      008AH  1
TH2. . . . . . . . . . . . . . . . . .  SFR      DATA   U_CHAR   00CDH  1
P. . . . . . . . . . . . . . . . . . .  ABSBIT   -----  BIT      00D0H  1
SM0. . . . . . . . . . . . . . . . . .  ABSBIT   -----  BIT      009FH  1
TL0. . . . . . . . . . . . . . . . . .  SFR      DATA   U_CHAR   008AH  1
SM1. . . . . . . . . . . . . . . . . .  ABSBIT   -----  BIT      009EH  1
TL1. . . . . . . . . . . . . . . . . .  SFR      DATA   U_CHAR   008BH  1
SM2. . . . . . . . . . . . . . . . . .  ABSBIT   -----  BIT      009DH  1
TL2. . . . . . . . . . . . . . . . . .  SFR      DATA   U_CHAR   00CCH  1
_LCD_ShowString. . . . . . . . . . . .  EXTERN   CODE   PROC     -----  -----
PT0. . . . . . . . . . . . . . . . . .  ABSBIT   -----  BIT      00B9H  1
RS0. . . . . . . . . . . . . . . . . .  ABSBIT   -----  BIT      00D3H  1
PT1. . . . . . . . . . . . . . . . . .  ABSBIT   -----  BIT      00BBH  1
RS1. . . . . . . . . . . . . . . . . .  ABSBIT   -----  BIT      00D4H  1
PT2. . . . . . . . . . . . . . . . . .  ABSBIT   -----  BIT      00BDH  1
TR0. . . . . . . . . . . . . . . . . .  ABSBIT   -----  BIT      008CH  1
TR1. . . . . . . . . . . . . . . . . .  ABSBIT   -----  BIT      008EH  1
Password . . . . . . . . . . . . . . .  PUBLIC   DATA   U_INT    0002H  2
TR2. . . . . . . . . . . . . . . . . .  ABSBIT   -----  BIT      00CAH  1
PX0. . . . . . . . . . . . . . . . . .  ABSBIT   -----  BIT      00B8H  1
PX1. . . . . . . . . . . . . . . . . .  ABSBIT   -----  BIT      00BAH  1
KeyNum . . . . . . . . . . . . . . . .  PUBLIC   DATA   U_CHAR   0004H  1
DPH. . . . . . . . . . . . . . . . . .  SFR      DATA   U_CHAR   0083H  1
DPL. . . . . . . . . . . . . . . . . .  SFR      DATA   U_CHAR   0082H  1
EXEN2. . . . . . . . . . . . . . . . .  ABSBIT   -----  BIT      00CBH  1
C51 COMPILER V9.54   MAIN                                                                  01/14/2022 18:18:10 PAGE 7   

NAME                                    CLASS   MSPACE  TYPE    OFFSET  SIZE
====                                    =====   ======  ====    ======  ====


REN. . . . . . . . . . . . . . . . . .  ABSBIT   -----  BIT      009CH  1
T2MOD. . . . . . . . . . . . . . . . .  SFR      DATA   U_CHAR   00C9H  1
T2CON. . . . . . . . . . . . . . . . .  SFR      DATA   U_CHAR   00C8H  1
RXD. . . . . . . . . . . . . . . . . .  ABSBIT   -----  BIT      00B0H  1
TXD. . . . . . . . . . . . . . . . . .  ABSBIT   -----  BIT      00B1H  1
F0 . . . . . . . . . . . . . . . . . .  ABSBIT   -----  BIT      00D5H  1
F1 . . . . . . . . . . . . . . . . . .  ABSBIT   -----  BIT      00D1H  1
PSW. . . . . . . . . . . . . . . . . .  SFR      DATA   U_CHAR   00D0H  1


MODULE INFORMATION:   STATIC OVERLAYABLE
   CODE SIZE        =    175    ----
   CONSTANT SIZE    =     18    ----
   XDATA SIZE       =   ----    ----
   PDATA SIZE       =   ----    ----
   DATA SIZE        =      5    ----
   IDATA SIZE       =   ----    ----
   BIT SIZE         =   ----    ----
   EDATA SIZE       =   ----    ----
   HDATA SIZE       =   ----    ----
   XDATA CONST SIZE =   ----    ----
   FAR CONST SIZE   =   ----    ----
END OF MODULE INFORMATION.


C51 COMPILATION COMPLETE.  0 WARNING(S),  0 ERROR(S)
