C51 COMPILER V9.01   MAIN                                                                  02/04/2022 22:38:22 PAGE 1   


C51 COMPILER V9.01, COMPILATION OF MODULE MAIN
OBJECT MODULE PLACED IN .\build\Release\src\main.o
COMPILER INVOKED BY: C:\Keil\C51\BIN\C51.exe .\SRC\MAIN.C PRINT(.\build\Release\src\main.lst) OMF2 TABS(4) CODE NOCOND S
                    -YMBOLS OPTIMIZE(8,SPEED) SMALL ROM(LARGE) INCDIR(.\..\..\Keil\C51\INC;.\src) DEFINE(__UVISION_VERSION=526) OBJECT(.\buil
                    -d\Release\src\main.o)

line level    source

   1          #include <REGX52.H>
   2          #include "LCD1602.h"
   3          #include "DS1302.h"
   4          #include "Key.h"
   5          #include "Timer0.h"
   6          
   7          unsigned char KeyNum,MODE,TimeSetSelect,TimeSetFlashFlag;
   8          
   9          void TimeShow(void)//时间显示功能
  10          {
  11   1          DS1302_ReadTime();//读取时间
  12   1          LCD_ShowNum(1,1,DS1302_Time[0],2);//显示年
  13   1          LCD_ShowNum(1,4,DS1302_Time[1],2);//显示月
  14   1          LCD_ShowNum(1,7,DS1302_Time[2],2);//显示日
  15   1          LCD_ShowNum(2,1,DS1302_Time[3],2);//显示时
  16   1          LCD_ShowNum(2,4,DS1302_Time[4],2);//显示分
  17   1          LCD_ShowNum(2,7,DS1302_Time[5],2);//显示秒
  18   1      }
  19          
  20          void TimeSet(void)//时间设置功能
  21          {
  22   1          if(KeyNum==2)//按键2按下
  23   1          {
  24   2              TimeSetSelect++;//设置选择位加1
  25   2              TimeSetSelect%=6;//越界清零
  26   2          }
  27   1          if(KeyNum==3)//按键3按下
  28   1          {
  29   2              DS1302_Time[TimeSetSelect]++;//时间设置位数值加1
  30   2              if(DS1302_Time[0]>99){DS1302_Time[0]=0;}//年越界判断
  31   2              if(DS1302_Time[1]>12){DS1302_Time[1]=1;}//月越界判断
  32   2              if( DS1302_Time[1]==1 || DS1302_Time[1]==3 || DS1302_Time[1]==5 || DS1302_Time[1]==7 || 
  33   2                  DS1302_Time[1]==8 || DS1302_Time[1]==10 || DS1302_Time[1]==12)//日越界判断
  34   2              {
  35   3                  if(DS1302_Time[2]>31){DS1302_Time[2]=1;}//大月
  36   3              }
  37   2              else if(DS1302_Time[1]==4 || DS1302_Time[1]==6 || DS1302_Time[1]==9 || DS1302_Time[1]==11)
  38   2              {
  39   3                  if(DS1302_Time[2]>30){DS1302_Time[2]=1;}//小月
  40   3              }
  41   2              else if(DS1302_Time[1]==2)
  42   2              {
  43   3                  if(DS1302_Time[0]%4==0)
  44   3                  {
  45   4                      if(DS1302_Time[2]>29){DS1302_Time[2]=1;}//闰年2月
  46   4                  }
  47   3                  else
  48   3                  {
  49   4                      if(DS1302_Time[2]>28){DS1302_Time[2]=1;}//平年2月
  50   4                  }
  51   3              }
  52   2              if(DS1302_Time[3]>23){DS1302_Time[3]=0;}//时越界判断
  53   2              if(DS1302_Time[4]>59){DS1302_Time[4]=0;}//分越界判断
C51 COMPILER V9.01   MAIN                                                                  02/04/2022 22:38:22 PAGE 2   

  54   2              if(DS1302_Time[5]>59){DS1302_Time[5]=0;}//秒越界判断
  55   2          }
  56   1          if(KeyNum==4)//按键3按下
  57   1          {
  58   2              DS1302_Time[TimeSetSelect]--;//时间设置位数值减1
  59   2              if(DS1302_Time[0]<0){DS1302_Time[0]=99;}//年越界判断
  60   2              if(DS1302_Time[1]<1){DS1302_Time[1]=12;}//月越界判断
  61   2              if( DS1302_Time[1]==1 || DS1302_Time[1]==3 || DS1302_Time[1]==5 || DS1302_Time[1]==7 || 
  62   2                  DS1302_Time[1]==8 || DS1302_Time[1]==10 || DS1302_Time[1]==12)//日越界判断
  63   2              {
  64   3                  if(DS1302_Time[2]<1){DS1302_Time[2]=31;}//大月
  65   3                  if(DS1302_Time[2]>31){DS1302_Time[2]=1;}
  66   3              }
  67   2              else if(DS1302_Time[1]==4 || DS1302_Time[1]==6 || DS1302_Time[1]==9 || DS1302_Time[1]==11)
  68   2              {
  69   3                  if(DS1302_Time[2]<1){DS1302_Time[2]=30;}//小月
  70   3                  if(DS1302_Time[2]>30){DS1302_Time[2]=1;}
  71   3              }
  72   2              else if(DS1302_Time[1]==2)
  73   2              {
  74   3                  if(DS1302_Time[0]%4==0)
  75   3                  {
  76   4                      if(DS1302_Time[2]<1){DS1302_Time[2]=29;}//闰年2月
  77   4                      if(DS1302_Time[2]>29){DS1302_Time[2]=1;}
  78   4                  }
  79   3                  else
  80   3                  {
  81   4                      if(DS1302_Time[2]<1){DS1302_Time[2]=28;}//平年2月
  82   4                      if(DS1302_Time[2]>28){DS1302_Time[2]=1;}
  83   4                  }
  84   3              }
  85   2              if(DS1302_Time[3]<0){DS1302_Time[3]=23;}//时越界判断
  86   2              if(DS1302_Time[4]<0){DS1302_Time[4]=59;}//分越界判断
  87   2              if(DS1302_Time[5]<0){DS1302_Time[5]=59;}//秒越界判断
  88   2          }
  89   1          //更新显示，根据TimeSetSelect和TimeSetFlashFlag判断可完成闪烁功能
  90   1          if(TimeSetSelect==0 && TimeSetFlashFlag==1){LCD_ShowString(1,1,"  ");}
  91   1          else {LCD_ShowNum(1,1,DS1302_Time[0],2);}
  92   1          if(TimeSetSelect==1 && TimeSetFlashFlag==1){LCD_ShowString(1,4,"  ");}
  93   1          else {LCD_ShowNum(1,4,DS1302_Time[1],2);}
  94   1          if(TimeSetSelect==2 && TimeSetFlashFlag==1){LCD_ShowString(1,7,"  ");}
  95   1          else {LCD_ShowNum(1,7,DS1302_Time[2],2);}
  96   1          if(TimeSetSelect==3 && TimeSetFlashFlag==1){LCD_ShowString(2,1,"  ");}
  97   1          else {LCD_ShowNum(2,1,DS1302_Time[3],2);}
  98   1          if(TimeSetSelect==4 && TimeSetFlashFlag==1){LCD_ShowString(2,4,"  ");}
  99   1          else {LCD_ShowNum(2,4,DS1302_Time[4],2);}
 100   1          if(TimeSetSelect==5 && TimeSetFlashFlag==1){LCD_ShowString(2,7,"  ");}
 101   1          else {LCD_ShowNum(2,7,DS1302_Time[5],2);}
 102   1      }
 103          
 104          void main()
 105          {
 106   1          LCD_Init();
 107   1          DS1302_Init();
 108   1          Timer0Init();
 109   1          LCD_ShowString(1,1,"  -  -  ");//静态字符初始化显示
 110   1          LCD_ShowString(2,1,"  :  :  ");
 111   1          
 112   1          DS1302_SetTime();//设置时间
 113   1          
 114   1          while(1)
 115   1          {
C51 COMPILER V9.01   MAIN                                                                  02/04/2022 22:38:22 PAGE 3   

 116   2              KeyNum=Key();//读取键码
 117   2              if(KeyNum==1)//按键1按下
 118   2              {
 119   3                  if(MODE==0){MODE=1;TimeSetSelect=0;}//功能切换
 120   3                  else if(MODE==1){MODE=0;DS1302_SetTime();}
 121   3              }
 122   2              switch(MODE)//根据不同的功能执行不同的函数
 123   2              {
 124   3                  case 0:TimeShow();break;
 125   3                  case 1:TimeSet();break;
 126   3              }
 127   2          }
 128   1      }
 129          
 130          void Timer0_Routine() interrupt 1
 131          {
 132   1          static unsigned int T0Count;
 133   1          TL0 = 0x18;     //设置定时初值
 134   1          TH0 = 0xFC;     //设置定时初值
 135   1          T0Count++;
 136   1          if(T0Count>=500)//每500ms进入一次
 137   1          {
 138   2              T0Count=0;
 139   2              TimeSetFlashFlag=!TimeSetFlashFlag;//闪烁标志位取反
 140   2          }
 141   1      }
C51 COMPILER V9.01   MAIN                                                                  02/04/2022 22:38:22 PAGE 4   

ASSEMBLY LISTING OF GENERATED OBJECT CODE


             ; FUNCTION TimeShow (BEGIN)
                                           ; SOURCE LINE # 9
                                           ; SOURCE LINE # 10
                                           ; SOURCE LINE # 11
0000 120000      E     LCALL   DS1302_ReadTime
                                           ; SOURCE LINE # 12
0003 E500        E     MOV     A,DS1302_Time
0005 FB                MOV     R3,A
0006 7A00              MOV     R2,#00H
0008 750002      E     MOV     ?_LCD_ShowNum?BYTE+04H,#02H
000B 7D01              MOV     R5,#01H
000D 7F01              MOV     R7,#01H
000F 120000      E     LCALL   _LCD_ShowNum
                                           ; SOURCE LINE # 13
0012 E500        E     MOV     A,DS1302_Time+01H
0014 FB                MOV     R3,A
0015 7A00              MOV     R2,#00H
0017 750002      E     MOV     ?_LCD_ShowNum?BYTE+04H,#02H
001A 7D04              MOV     R5,#04H
001C 7F01              MOV     R7,#01H
001E 120000      E     LCALL   _LCD_ShowNum
                                           ; SOURCE LINE # 14
0021 E500        E     MOV     A,DS1302_Time+02H
0023 FB                MOV     R3,A
0024 7A00              MOV     R2,#00H
0026 750002      E     MOV     ?_LCD_ShowNum?BYTE+04H,#02H
0029 7D07              MOV     R5,#07H
002B 7F01              MOV     R7,#01H
002D 120000      E     LCALL   _LCD_ShowNum
                                           ; SOURCE LINE # 15
0030 E500        E     MOV     A,DS1302_Time+03H
0032 FB                MOV     R3,A
0033 7A00              MOV     R2,#00H
0035 750002      E     MOV     ?_LCD_ShowNum?BYTE+04H,#02H
0038 7D01              MOV     R5,#01H
003A 7F02              MOV     R7,#02H
003C 120000      E     LCALL   _LCD_ShowNum
                                           ; SOURCE LINE # 16
003F E500        E     MOV     A,DS1302_Time+04H
0041 FB                MOV     R3,A
0042 7A00              MOV     R2,#00H
0044 750002      E     MOV     ?_LCD_ShowNum?BYTE+04H,#02H
0047 7D04              MOV     R5,#04H
0049 7F02              MOV     R7,#02H
004B 120000      E     LCALL   _LCD_ShowNum
                                           ; SOURCE LINE # 17
004E E500        E     MOV     A,DS1302_Time+05H
0050 FB                MOV     R3,A
0051 7A00              MOV     R2,#00H
0053 750002      E     MOV     ?_LCD_ShowNum?BYTE+04H,#02H
0056 7D07              MOV     R5,#07H
0058 7F02              MOV     R7,#02H
005A 020000      E     LJMP    _LCD_ShowNum
             ; FUNCTION TimeShow (END)

             ; FUNCTION TimeSet (BEGIN)
                                           ; SOURCE LINE # 20
                                           ; SOURCE LINE # 21
                                           ; SOURCE LINE # 22
C51 COMPILER V9.01   MAIN                                                                  02/04/2022 22:38:22 PAGE 5   

0000 E500        R     MOV     A,KeyNum
0002 B4020B            CJNE    A,#02H,?C0002
                                           ; SOURCE LINE # 23
                                           ; SOURCE LINE # 24
0005 0500        R     INC     TimeSetSelect
                                           ; SOURCE LINE # 25
0007 E500        R     MOV     A,TimeSetSelect
0009 75F006            MOV     B,#06H
000C 84                DIV     AB
000D 85F000      R     MOV     TimeSetSelect,B
                                           ; SOURCE LINE # 26
0010         ?C0002:
                                           ; SOURCE LINE # 27
0010 E500        R     MOV     A,KeyNum
0012 6403              XRL     A,#03H
0014 6003              JZ      $ + 5H
0016 020000      R     LJMP    ?C0003
                                           ; SOURCE LINE # 28
                                           ; SOURCE LINE # 29
0019 7400        E     MOV     A,#LOW DS1302_Time
001B 2500        R     ADD     A,TimeSetSelect
001D F8                MOV     R0,A
001E 06                INC     @R0
                                           ; SOURCE LINE # 30
001F E500        E     MOV     A,DS1302_Time
0021 D3                SETB    C
0022 9463              SUBB    A,#063H
0024 4003              JC      ?C0004
0026 E4                CLR     A
0027 F500        E     MOV     DS1302_Time,A
0029         ?C0004:
                                           ; SOURCE LINE # 31
0029 E500        E     MOV     A,DS1302_Time+01H
002B D3                SETB    C
002C 940C              SUBB    A,#0CH
002E 4003              JC      ?C0005
0030 750001      E     MOV     DS1302_Time+01H,#01H
0033         ?C0005:
                                           ; SOURCE LINE # 32
0033 E500        E     MOV     A,DS1302_Time+01H
0035 6401              XRL     A,#01H
0037 6023              JZ      ?C0007
0039 E500        E     MOV     A,DS1302_Time+01H
003B 6403              XRL     A,#03H
003D 601D              JZ      ?C0007
003F E500        E     MOV     A,DS1302_Time+01H
0041 6405              XRL     A,#05H
0043 6017              JZ      ?C0007
0045 E500        E     MOV     A,DS1302_Time+01H
0047 6407              XRL     A,#07H
0049 6011              JZ      ?C0007
004B E500        E     MOV     A,DS1302_Time+01H
004D 6408              XRL     A,#08H
004F 600B              JZ      ?C0007
0051 E500        E     MOV     A,DS1302_Time+01H
0053 640A              XRL     A,#0AH
0055 6005              JZ      ?C0007
0057 E500        E     MOV     A,DS1302_Time+01H
0059 B40C09            CJNE    A,#0CH,?C0006
005C         ?C0007:
                                           ; SOURCE LINE # 34
                                           ; SOURCE LINE # 35
C51 COMPILER V9.01   MAIN                                                                  02/04/2022 22:38:22 PAGE 6   

005C E500        E     MOV     A,DS1302_Time+02H
005E D3                SETB    C
005F 941F              SUBB    A,#01FH
0061 4040              JC      ?C0009
                                           ; SOURCE LINE # 36
0063 803B              SJMP    ?C0075
0065         ?C0006:
                                           ; SOURCE LINE # 37
0065 E500        E     MOV     A,DS1302_Time+01H
0067 6404              XRL     A,#04H
0069 6011              JZ      ?C0011
006B E500        E     MOV     A,DS1302_Time+01H
006D 6406              XRL     A,#06H
006F 600B              JZ      ?C0011
0071 E500        E     MOV     A,DS1302_Time+01H
0073 6409              XRL     A,#09H
0075 6005              JZ      ?C0011
0077 E500        E     MOV     A,DS1302_Time+01H
0079 B40B09            CJNE    A,#0BH,?C0010
007C         ?C0011:
                                           ; SOURCE LINE # 38
                                           ; SOURCE LINE # 39
007C E500        E     MOV     A,DS1302_Time+02H
007E D3                SETB    C
007F 941E              SUBB    A,#01EH
0081 4020              JC      ?C0009
0083         ?C0073:
                                           ; SOURCE LINE # 40
0083 801B              SJMP    ?C0075
0085         ?C0010:
                                           ; SOURCE LINE # 41
0085 E500        E     MOV     A,DS1302_Time+01H
0087 B40219            CJNE    A,#02H,?C0009
                                           ; SOURCE LINE # 42
                                           ; SOURCE LINE # 43
008A E500        E     MOV     A,DS1302_Time
008C 5403              ANL     A,#03H
008E 7009              JNZ     ?C0015
                                           ; SOURCE LINE # 44
                                           ; SOURCE LINE # 45
0090 E500        E     MOV     A,DS1302_Time+02H
0092 D3                SETB    C
0093 941D              SUBB    A,#01DH
0095 400C              JC      ?C0009
0097         ?C0074:
                                           ; SOURCE LINE # 46
0097 8007              SJMP    ?C0075
0099         ?C0015:
                                           ; SOURCE LINE # 48
                                           ; SOURCE LINE # 49
0099 E500        E     MOV     A,DS1302_Time+02H
009B D3                SETB    C
009C 941C              SUBB    A,#01CH
009E 4003              JC      ?C0009
00A0         ?C0075:
00A0 750001      E     MOV     DS1302_Time+02H,#01H
                                           ; SOURCE LINE # 50
                                           ; SOURCE LINE # 51
00A3         ?C0009:
                                           ; SOURCE LINE # 52
00A3 E500        E     MOV     A,DS1302_Time+03H
00A5 D3                SETB    C
C51 COMPILER V9.01   MAIN                                                                  02/04/2022 22:38:22 PAGE 7   

00A6 9417              SUBB    A,#017H
00A8 4003              JC      ?C0019
00AA E4                CLR     A
00AB F500        E     MOV     DS1302_Time+03H,A
00AD         ?C0019:
                                           ; SOURCE LINE # 53
00AD E500        E     MOV     A,DS1302_Time+04H
00AF D3                SETB    C
00B0 943B              SUBB    A,#03BH
00B2 4003              JC      ?C0020
00B4 E4                CLR     A
00B5 F500        E     MOV     DS1302_Time+04H,A
00B7         ?C0020:
                                           ; SOURCE LINE # 54
00B7 E500        E     MOV     A,DS1302_Time+05H
00B9 D3                SETB    C
00BA 943B              SUBB    A,#03BH
00BC 4003              JC      ?C0003
00BE E4                CLR     A
00BF F500        E     MOV     DS1302_Time+05H,A
                                           ; SOURCE LINE # 55
00C1         ?C0003:
                                           ; SOURCE LINE # 56
00C1 E500        R     MOV     A,KeyNum
00C3 6404              XRL     A,#04H
00C5 6003              JZ      $ + 5H
00C7 020000      R     LJMP    ?C0022
                                           ; SOURCE LINE # 57
                                           ; SOURCE LINE # 58
00CA 7400        E     MOV     A,#LOW DS1302_Time
00CC 2500        R     ADD     A,TimeSetSelect
00CE F8                MOV     R0,A
00CF 16                DEC     @R0
                                           ; SOURCE LINE # 59
00D0 E500        E     MOV     A,DS1302_Time
00D2 C3                CLR     C
00D3 9400              SUBB    A,#00H
00D5 5003              JNC     ?C0023
00D7 750063      E     MOV     DS1302_Time,#063H
00DA         ?C0023:
                                           ; SOURCE LINE # 60
00DA E500        E     MOV     A,DS1302_Time+01H
00DC C3                CLR     C
00DD 9401              SUBB    A,#01H
00DF 5003              JNC     ?C0024
00E1 75000C      E     MOV     DS1302_Time+01H,#0CH
00E4         ?C0024:
                                           ; SOURCE LINE # 61
00E4 E500        E     MOV     A,DS1302_Time+01H
00E6 6401              XRL     A,#01H
00E8 6023              JZ      ?C0026
00EA E500        E     MOV     A,DS1302_Time+01H
00EC 6403              XRL     A,#03H
00EE 601D              JZ      ?C0026
00F0 E500        E     MOV     A,DS1302_Time+01H
00F2 6405              XRL     A,#05H
00F4 6017              JZ      ?C0026
00F6 E500        E     MOV     A,DS1302_Time+01H
00F8 6407              XRL     A,#07H
00FA 6011              JZ      ?C0026
00FC E500        E     MOV     A,DS1302_Time+01H
00FE 6408              XRL     A,#08H
C51 COMPILER V9.01   MAIN                                                                  02/04/2022 22:38:22 PAGE 8   

0100 600B              JZ      ?C0026
0102 E500        E     MOV     A,DS1302_Time+01H
0104 640A              XRL     A,#0AH
0106 6005              JZ      ?C0026
0108 E500        E     MOV     A,DS1302_Time+01H
010A B40C13            CJNE    A,#0CH,?C0025
010D         ?C0026:
                                           ; SOURCE LINE # 63
                                           ; SOURCE LINE # 64
010D E500        E     MOV     A,DS1302_Time+02H
010F C3                CLR     C
0110 9401              SUBB    A,#01H
0112 5003              JNC     ?C0027
0114 75001F      E     MOV     DS1302_Time+02H,#01FH
0117         ?C0027:
                                           ; SOURCE LINE # 65
0117 E500        E     MOV     A,DS1302_Time+02H
0119 D3                SETB    C
011A 941F              SUBB    A,#01FH
011C 405F              JC      ?C0029
                                           ; SOURCE LINE # 66
011E 805A              SJMP    ?C0078
0120         ?C0025:
                                           ; SOURCE LINE # 67
0120 E500        E     MOV     A,DS1302_Time+01H
0122 6404              XRL     A,#04H
0124 6011              JZ      ?C0031
0126 E500        E     MOV     A,DS1302_Time+01H
0128 6406              XRL     A,#06H
012A 600B              JZ      ?C0031
012C E500        E     MOV     A,DS1302_Time+01H
012E 6409              XRL     A,#09H
0130 6005              JZ      ?C0031
0132 E500        E     MOV     A,DS1302_Time+01H
0134 B40B13            CJNE    A,#0BH,?C0030
0137         ?C0031:
                                           ; SOURCE LINE # 68
                                           ; SOURCE LINE # 69
0137 E500        E     MOV     A,DS1302_Time+02H
0139 C3                CLR     C
013A 9401              SUBB    A,#01H
013C 5003              JNC     ?C0032
013E 75001E      E     MOV     DS1302_Time+02H,#01EH
0141         ?C0032:
                                           ; SOURCE LINE # 70
0141 E500        E     MOV     A,DS1302_Time+02H
0143 D3                SETB    C
0144 941E              SUBB    A,#01EH
0146 4035              JC      ?C0029
0148         ?C0076:
                                           ; SOURCE LINE # 71
0148 8030              SJMP    ?C0078
014A         ?C0030:
                                           ; SOURCE LINE # 72
014A E500        E     MOV     A,DS1302_Time+01H
014C 6402              XRL     A,#02H
014E 702D              JNZ     ?C0029
                                           ; SOURCE LINE # 73
                                           ; SOURCE LINE # 74
0150 E500        E     MOV     A,DS1302_Time
0152 5403              ANL     A,#03H
0154 7013              JNZ     ?C0036
C51 COMPILER V9.01   MAIN                                                                  02/04/2022 22:38:22 PAGE 9   

                                           ; SOURCE LINE # 75
                                           ; SOURCE LINE # 76
0156 E500        E     MOV     A,DS1302_Time+02H
0158 C3                CLR     C
0159 9401              SUBB    A,#01H
015B 5003              JNC     ?C0037
015D 75001D      E     MOV     DS1302_Time+02H,#01DH
0160         ?C0037:
                                           ; SOURCE LINE # 77
0160 E500        E     MOV     A,DS1302_Time+02H
0162 D3                SETB    C
0163 941D              SUBB    A,#01DH
0165 4016              JC      ?C0029
0167         ?C0077:
                                           ; SOURCE LINE # 78
0167 8011              SJMP    ?C0078
0169         ?C0036:
                                           ; SOURCE LINE # 80
                                           ; SOURCE LINE # 81
0169 E500        E     MOV     A,DS1302_Time+02H
016B C3                CLR     C
016C 9401              SUBB    A,#01H
016E 5003              JNC     ?C0040
0170 75001C      E     MOV     DS1302_Time+02H,#01CH
0173         ?C0040:
                                           ; SOURCE LINE # 82
0173 E500        E     MOV     A,DS1302_Time+02H
0175 D3                SETB    C
0176 941C              SUBB    A,#01CH
0178 4003              JC      ?C0029
017A         ?C0078:
017A 750001      E     MOV     DS1302_Time+02H,#01H
                                           ; SOURCE LINE # 83
                                           ; SOURCE LINE # 84
017D         ?C0029:
                                           ; SOURCE LINE # 85
017D E500        E     MOV     A,DS1302_Time+03H
017F C3                CLR     C
0180 9400              SUBB    A,#00H
0182 5003              JNC     ?C0042
0184 750017      E     MOV     DS1302_Time+03H,#017H
0187         ?C0042:
                                           ; SOURCE LINE # 86
0187 E500        E     MOV     A,DS1302_Time+04H
0189 C3                CLR     C
018A 9400              SUBB    A,#00H
018C 5003              JNC     ?C0043
018E 75003B      E     MOV     DS1302_Time+04H,#03BH
0191         ?C0043:
                                           ; SOURCE LINE # 87
0191 E500        E     MOV     A,DS1302_Time+05H
0193 C3                CLR     C
0194 9400              SUBB    A,#00H
0196 5003              JNC     ?C0022
0198 75003B      E     MOV     DS1302_Time+05H,#03BH
                                           ; SOURCE LINE # 88
019B         ?C0022:
                                           ; SOURCE LINE # 90
019B E500        R     MOV     A,TimeSetSelect
019D 7014              JNZ     ?C0045
019F E500        R     MOV     A,TimeSetFlashFlag
01A1 B4010F            CJNE    A,#01H,?C0045
C51 COMPILER V9.01   MAIN                                                                  02/04/2022 22:38:22 PAGE 10  

01A4 7BFF              MOV     R3,#0FFH
01A6 7A00        R     MOV     R2,#HIGH ?SC_0
01A8 7900        R     MOV     R1,#LOW ?SC_0
01AA 7D01              MOV     R5,#01H
01AC 7F01              MOV     R7,#01H
01AE 120000      E     LCALL   _LCD_ShowString
01B1 800F              SJMP    ?C0046
01B3         ?C0045:
                                           ; SOURCE LINE # 91
01B3 E500        E     MOV     A,DS1302_Time
01B5 FB                MOV     R3,A
01B6 7A00              MOV     R2,#00H
01B8 750002      E     MOV     ?_LCD_ShowNum?BYTE+04H,#02H
01BB 7D01              MOV     R5,#01H
01BD 7F01              MOV     R7,#01H
01BF 120000      E     LCALL   _LCD_ShowNum
01C2         ?C0046:
                                           ; SOURCE LINE # 92
01C2 E500        R     MOV     A,TimeSetSelect
01C4 B40114            CJNE    A,#01H,?C0047
01C7 E500        R     MOV     A,TimeSetFlashFlag
01C9 B4010F            CJNE    A,#01H,?C0047
01CC 7BFF              MOV     R3,#0FFH
01CE 7A00        R     MOV     R2,#HIGH ?SC_0
01D0 7900        R     MOV     R1,#LOW ?SC_0
01D2 7D04              MOV     R5,#04H
01D4 7F01              MOV     R7,#01H
01D6 120000      E     LCALL   _LCD_ShowString
01D9 800F              SJMP    ?C0048
01DB         ?C0047:
                                           ; SOURCE LINE # 93
01DB E500        E     MOV     A,DS1302_Time+01H
01DD FB                MOV     R3,A
01DE 7A00              MOV     R2,#00H
01E0 750002      E     MOV     ?_LCD_ShowNum?BYTE+04H,#02H
01E3 7D04              MOV     R5,#04H
01E5 7F01              MOV     R7,#01H
01E7 120000      E     LCALL   _LCD_ShowNum
01EA         ?C0048:
                                           ; SOURCE LINE # 94
01EA E500        R     MOV     A,TimeSetSelect
01EC B40214            CJNE    A,#02H,?C0049
01EF E500        R     MOV     A,TimeSetFlashFlag
01F1 B4010F            CJNE    A,#01H,?C0049
01F4 7BFF              MOV     R3,#0FFH
01F6 7A00        R     MOV     R2,#HIGH ?SC_0
01F8 7900        R     MOV     R1,#LOW ?SC_0
01FA 7D07              MOV     R5,#07H
01FC 7F01              MOV     R7,#01H
01FE 120000      E     LCALL   _LCD_ShowString
0201 800F              SJMP    ?C0050
0203         ?C0049:
                                           ; SOURCE LINE # 95
0203 E500        E     MOV     A,DS1302_Time+02H
0205 FB                MOV     R3,A
0206 7A00              MOV     R2,#00H
0208 750002      E     MOV     ?_LCD_ShowNum?BYTE+04H,#02H
020B 7D07              MOV     R5,#07H
020D 7F01              MOV     R7,#01H
020F 120000      E     LCALL   _LCD_ShowNum
0212         ?C0050:
                                           ; SOURCE LINE # 96
C51 COMPILER V9.01   MAIN                                                                  02/04/2022 22:38:22 PAGE 11  

0212 E500        R     MOV     A,TimeSetSelect
0214 B40314            CJNE    A,#03H,?C0051
0217 E500        R     MOV     A,TimeSetFlashFlag
0219 B4010F            CJNE    A,#01H,?C0051
021C 7BFF              MOV     R3,#0FFH
021E 7A00        R     MOV     R2,#HIGH ?SC_0
0220 7900        R     MOV     R1,#LOW ?SC_0
0222 7D01              MOV     R5,#01H
0224 7F02              MOV     R7,#02H
0226 120000      E     LCALL   _LCD_ShowString
0229 800F              SJMP    ?C0052
022B         ?C0051:
                                           ; SOURCE LINE # 97
022B E500        E     MOV     A,DS1302_Time+03H
022D FB                MOV     R3,A
022E 7A00              MOV     R2,#00H
0230 750002      E     MOV     ?_LCD_ShowNum?BYTE+04H,#02H
0233 7D01              MOV     R5,#01H
0235 7F02              MOV     R7,#02H
0237 120000      E     LCALL   _LCD_ShowNum
023A         ?C0052:
                                           ; SOURCE LINE # 98
023A E500        R     MOV     A,TimeSetSelect
023C B40414            CJNE    A,#04H,?C0053
023F E500        R     MOV     A,TimeSetFlashFlag
0241 B4010F            CJNE    A,#01H,?C0053
0244 7BFF              MOV     R3,#0FFH
0246 7A00        R     MOV     R2,#HIGH ?SC_0
0248 7900        R     MOV     R1,#LOW ?SC_0
024A 7D04              MOV     R5,#04H
024C 7F02              MOV     R7,#02H
024E 120000      E     LCALL   _LCD_ShowString
0251 800F              SJMP    ?C0054
0253         ?C0053:
                                           ; SOURCE LINE # 99
0253 E500        E     MOV     A,DS1302_Time+04H
0255 FB                MOV     R3,A
0256 7A00              MOV     R2,#00H
0258 750002      E     MOV     ?_LCD_ShowNum?BYTE+04H,#02H
025B 7D04              MOV     R5,#04H
025D 7F02              MOV     R7,#02H
025F 120000      E     LCALL   _LCD_ShowNum
0262         ?C0054:
                                           ; SOURCE LINE # 100
0262 E500        R     MOV     A,TimeSetSelect
0264 B40512            CJNE    A,#05H,?C0055
0267 E500        R     MOV     A,TimeSetFlashFlag
0269 B4010D            CJNE    A,#01H,?C0055
026C 7BFF              MOV     R3,#0FFH
026E 7A00        R     MOV     R2,#HIGH ?SC_0
0270 7900        R     MOV     R1,#LOW ?SC_0
0272 7D07              MOV     R5,#07H
0274 7F02              MOV     R7,#02H
0276 020000      E     LJMP    _LCD_ShowString
0279         ?C0055:
                                           ; SOURCE LINE # 101
0279 E500        E     MOV     A,DS1302_Time+05H
027B FB                MOV     R3,A
027C 7A00              MOV     R2,#00H
027E 750002      E     MOV     ?_LCD_ShowNum?BYTE+04H,#02H
0281 7D07              MOV     R5,#07H
0283 7F02              MOV     R7,#02H
C51 COMPILER V9.01   MAIN                                                                  02/04/2022 22:38:22 PAGE 12  

0285 120000      E     LCALL   _LCD_ShowNum
                                           ; SOURCE LINE # 102
0288         ?C0057:
0288 22                RET     
             ; FUNCTION TimeSet (END)

             ; FUNCTION main (BEGIN)
                                           ; SOURCE LINE # 104
                                           ; SOURCE LINE # 105
                                           ; SOURCE LINE # 106
0000 120000      E     LCALL   LCD_Init
                                           ; SOURCE LINE # 107
0003 120000      E     LCALL   DS1302_Init
                                           ; SOURCE LINE # 108
0006 120000      E     LCALL   Timer0Init
                                           ; SOURCE LINE # 109
0009 7BFF              MOV     R3,#0FFH
000B 7A00        R     MOV     R2,#HIGH ?SC_3
000D 7900        R     MOV     R1,#LOW ?SC_3
000F 7D01              MOV     R5,#01H
0011 7F01              MOV     R7,#01H
0013 120000      E     LCALL   _LCD_ShowString
                                           ; SOURCE LINE # 110
0016 7BFF              MOV     R3,#0FFH
0018 7A00        R     MOV     R2,#HIGH ?SC_12
001A 7900        R     MOV     R1,#LOW ?SC_12
001C 7D01              MOV     R5,#01H
001E 7F02              MOV     R7,#02H
0020 120000      E     LCALL   _LCD_ShowString
                                           ; SOURCE LINE # 112
0023 120000      E     LCALL   DS1302_SetTime
0026         ?C0058:
                                           ; SOURCE LINE # 114
                                           ; SOURCE LINE # 115
                                           ; SOURCE LINE # 116
0026 120000      E     LCALL   Key
0029 8F00        R     MOV     KeyNum,R7
                                           ; SOURCE LINE # 117
002B E500        R     MOV     A,KeyNum
002D B40116            CJNE    A,#01H,?C0060
                                           ; SOURCE LINE # 118
                                           ; SOURCE LINE # 119
0030 E500        R     MOV     A,MODE
0032 7007              JNZ     ?C0061
0034 750001      R     MOV     MODE,#01H
0037 F500        R     MOV     TimeSetSelect,A
0039 800B              SJMP    ?C0060
003B         ?C0061:
                                           ; SOURCE LINE # 120
003B E500        R     MOV     A,MODE
003D B40106            CJNE    A,#01H,?C0060
0040 E4                CLR     A
0041 F500        R     MOV     MODE,A
0043 120000      E     LCALL   DS1302_SetTime
                                           ; SOURCE LINE # 121
0046         ?C0060:
                                           ; SOURCE LINE # 122
0046 E500        R     MOV     A,MODE
0048 14                DEC     A
0049 6008              JZ      ?C0066
004B 04                INC     A
004C 70D8              JNZ     ?C0058
C51 COMPILER V9.01   MAIN                                                                  02/04/2022 22:38:22 PAGE 13  

                                           ; SOURCE LINE # 123
                                           ; SOURCE LINE # 124
004E         ?C0065:
004E 120000      R     LCALL   TimeShow
0051 80D3              SJMP    ?C0058
                                           ; SOURCE LINE # 125
0053         ?C0066:
0053 120000      R     LCALL   TimeSet
0056 80CE              SJMP    ?C0058
             ; FUNCTION main (END)

             ; FUNCTION Timer0_Routine (BEGIN)
0000 C0E0              PUSH    ACC
0002 C0D0              PUSH    PSW
0004 75D000            MOV     PSW,#00H
0007 C007              PUSH    AR7
                                           ; SOURCE LINE # 130
                                           ; SOURCE LINE # 133
0009 758A18            MOV     TL0,#018H
                                           ; SOURCE LINE # 134
000C 758CFC            MOV     TH0,#0FCH
                                           ; SOURCE LINE # 135
000F 0500        R     INC     T0Count+01H
0011 E500        R     MOV     A,T0Count+01H
0013 7002              JNZ     ?C0072
0015 0500        R     INC     T0Count
0017         ?C0072:
                                           ; SOURCE LINE # 136
0017 C3                CLR     C
0018 94F4              SUBB    A,#0F4H
001A E500        R     MOV     A,T0Count
001C 9401              SUBB    A,#01H
001E 4010              JC      ?C0071
                                           ; SOURCE LINE # 137
                                           ; SOURCE LINE # 138
0020 750000      R     MOV     T0Count,#00H
0023 750000      R     MOV     T0Count+01H,#00H
                                           ; SOURCE LINE # 139
0026 E500        R     MOV     A,TimeSetFlashFlag
0028 7F00              MOV     R7,#00H
002A 7002              JNZ     ?C0069
002C 7F01              MOV     R7,#01H
002E         ?C0069:
002E         ?C0070:
002E 8F00        R     MOV     TimeSetFlashFlag,R7
                                           ; SOURCE LINE # 140
                                           ; SOURCE LINE # 141
0030         ?C0071:
0030 D007              POP     AR7
0032 D0D0              POP     PSW
0034 D0E0              POP     ACC
0036 32                RETI    
             ; FUNCTION Timer0_Routine (END)

C51 COMPILER V9.01   MAIN                                                                  02/04/2022 22:38:22 PAGE 14  

NAME                                    CLASS   MSPACE  TYPE    OFFSET  SIZE
====                                    =====   ======  ====    ======  ====


DS1302_SetTime . . . . . . . . . . . .  EXTERN   CODE   PROC     -----  -----
Timer0_Routine . . . . . . . . . . . .  PUBLIC   CODE   PROC     0000H  -----
  T0Count. . . . . . . . . . . . . . .  STATIC   DATA   U_INT    0000H  2
P0 . . . . . . . . . . . . . . . . . .  SFR      DATA   U_CHAR   0080H  1
P1 . . . . . . . . . . . . . . . . . .  SFR      DATA   U_CHAR   0090H  1
P2 . . . . . . . . . . . . . . . . . .  SFR      DATA   U_CHAR   00A0H  1
P3 . . . . . . . . . . . . . . . . . .  SFR      DATA   U_CHAR   00B0H  1
AC . . . . . . . . . . . . . . . . . .  ABSBIT   -----  BIT      00D6H  1
T0 . . . . . . . . . . . . . . . . . .  ABSBIT   -----  BIT      00B4H  1
T1 . . . . . . . . . . . . . . . . . .  ABSBIT   -----  BIT      00B5H  1
EA . . . . . . . . . . . . . . . . . .  ABSBIT   -----  BIT      00AFH  1
T2 . . . . . . . . . . . . . . . . . .  ABSBIT   -----  BIT      0090H  1
_LCD_ShowNum . . . . . . . . . . . . .  EXTERN   CODE   PROC     -----  -----
IE . . . . . . . . . . . . . . . . . .  SFR      DATA   U_CHAR   00A8H  1
P0_0 . . . . . . . . . . . . . . . . .  ABSBIT   -----  BIT      0080H  1
P1_0 . . . . . . . . . . . . . . . . .  ABSBIT   -----  BIT      0090H  1
P0_1 . . . . . . . . . . . . . . . . .  ABSBIT   -----  BIT      0081H  1
P2_0 . . . . . . . . . . . . . . . . .  ABSBIT   -----  BIT      00A0H  1
P1_1 . . . . . . . . . . . . . . . . .  ABSBIT   -----  BIT      0091H  1
P0_2 . . . . . . . . . . . . . . . . .  ABSBIT   -----  BIT      0082H  1
P3_0 . . . . . . . . . . . . . . . . .  ABSBIT   -----  BIT      00B0H  1
P2_1 . . . . . . . . . . . . . . . . .  ABSBIT   -----  BIT      00A1H  1
P1_2 . . . . . . . . . . . . . . . . .  ABSBIT   -----  BIT      0092H  1
P0_3 . . . . . . . . . . . . . . . . .  ABSBIT   -----  BIT      0083H  1
P3_1 . . . . . . . . . . . . . . . . .  ABSBIT   -----  BIT      00B1H  1
P2_2 . . . . . . . . . . . . . . . . .  ABSBIT   -----  BIT      00A2H  1
P1_3 . . . . . . . . . . . . . . . . .  ABSBIT   -----  BIT      0093H  1
P0_4 . . . . . . . . . . . . . . . . .  ABSBIT   -----  BIT      0084H  1
P3_2 . . . . . . . . . . . . . . . . .  ABSBIT   -----  BIT      00B2H  1
P2_3 . . . . . . . . . . . . . . . . .  ABSBIT   -----  BIT      00A3H  1
P1_4 . . . . . . . . . . . . . . . . .  ABSBIT   -----  BIT      0094H  1
P0_5 . . . . . . . . . . . . . . . . .  ABSBIT   -----  BIT      0085H  1
EXF2 . . . . . . . . . . . . . . . . .  ABSBIT   -----  BIT      00CEH  1
RD . . . . . . . . . . . . . . . . . .  ABSBIT   -----  BIT      00B7H  1
P3_3 . . . . . . . . . . . . . . . . .  ABSBIT   -----  BIT      00B3H  1
P2_4 . . . . . . . . . . . . . . . . .  ABSBIT   -----  BIT      00A4H  1
P1_5 . . . . . . . . . . . . . . . . .  ABSBIT   -----  BIT      0095H  1
P0_6 . . . . . . . . . . . . . . . . .  ABSBIT   -----  BIT      0086H  1
P3_4 . . . . . . . . . . . . . . . . .  ABSBIT   -----  BIT      00B4H  1
P2_5 . . . . . . . . . . . . . . . . .  ABSBIT   -----  BIT      00A5H  1
P1_6 . . . . . . . . . . . . . . . . .  ABSBIT   -----  BIT      0096H  1
P0_7 . . . . . . . . . . . . . . . . .  ABSBIT   -----  BIT      0087H  1
P3_5 . . . . . . . . . . . . . . . . .  ABSBIT   -----  BIT      00B5H  1
ES . . . . . . . . . . . . . . . . . .  ABSBIT   -----  BIT      00ACH  1
P2_6 . . . . . . . . . . . . . . . . .  ABSBIT   -----  BIT      00A6H  1
P1_7 . . . . . . . . . . . . . . . . .  ABSBIT   -----  BIT      0097H  1
P3_6 . . . . . . . . . . . . . . . . .  ABSBIT   -----  BIT      00B6H  1
P2_7 . . . . . . . . . . . . . . . . .  ABSBIT   -----  BIT      00A7H  1
IP . . . . . . . . . . . . . . . . . .  SFR      DATA   U_CHAR   00B8H  1
P3_7 . . . . . . . . . . . . . . . . .  ABSBIT   -----  BIT      00B7H  1
RI . . . . . . . . . . . . . . . . . .  ABSBIT   -----  BIT      0098H  1
CY . . . . . . . . . . . . . . . . . .  ABSBIT   -----  BIT      00D7H  1
INT0 . . . . . . . . . . . . . . . . .  ABSBIT   -----  BIT      00B2H  1
INT1 . . . . . . . . . . . . . . . . .  ABSBIT   -----  BIT      00B3H  1
TI . . . . . . . . . . . . . . . . . .  ABSBIT   -----  BIT      0099H  1
RCAP2H . . . . . . . . . . . . . . . .  SFR      DATA   U_CHAR   00CBH  1
PS . . . . . . . . . . . . . . . . . .  ABSBIT   -----  BIT      00BCH  1
C51 COMPILER V9.01   MAIN                                                                  02/04/2022 22:38:22 PAGE 15  

NAME                                    CLASS   MSPACE  TYPE    OFFSET  SIZE
====                                    =====   ======  ====    ======  ====


SP . . . . . . . . . . . . . . . . . .  SFR      DATA   U_CHAR   0081H  1
TimeSetSelect. . . . . . . . . . . . .  PUBLIC   DATA   U_CHAR   0002H  1
T2EX . . . . . . . . . . . . . . . . .  ABSBIT   -----  BIT      0091H  1
OV . . . . . . . . . . . . . . . . . .  ABSBIT   -----  BIT      00D2H  1
MODE . . . . . . . . . . . . . . . . .  PUBLIC   DATA   U_CHAR   0003H  1
RCAP2L . . . . . . . . . . . . . . . .  SFR      DATA   U_CHAR   00CAH  1
main . . . . . . . . . . . . . . . . .  PUBLIC   CODE   PROC     0000H  -----
C_T2 . . . . . . . . . . . . . . . . .  ABSBIT   -----  BIT      00C9H  1
WR . . . . . . . . . . . . . . . . . .  ABSBIT   -----  BIT      00B6H  1
Key. . . . . . . . . . . . . . . . . .  EXTERN   CODE   PROC     -----  -----
RCLK . . . . . . . . . . . . . . . . .  ABSBIT   -----  BIT      00CDH  1
TimeSetFlashFlag . . . . . . . . . . .  PUBLIC   DATA   U_CHAR   0004H  1
TCLK . . . . . . . . . . . . . . . . .  ABSBIT   -----  BIT      00CCH  1
SBUF . . . . . . . . . . . . . . . . .  SFR      DATA   U_CHAR   0099H  1
PCON . . . . . . . . . . . . . . . . .  SFR      DATA   U_CHAR   0087H  1
SCON . . . . . . . . . . . . . . . . .  SFR      DATA   U_CHAR   0098H  1
TimeShow . . . . . . . . . . . . . . .  PUBLIC   CODE   PROC     0000H  -----
TMOD . . . . . . . . . . . . . . . . .  SFR      DATA   U_CHAR   0089H  1
TCON . . . . . . . . . . . . . . . . .  SFR      DATA   U_CHAR   0088H  1
IE0. . . . . . . . . . . . . . . . . .  ABSBIT   -----  BIT      0089H  1
TimeSet. . . . . . . . . . . . . . . .  PUBLIC   CODE   PROC     0000H  -----
IE1. . . . . . . . . . . . . . . . . .  ABSBIT   -----  BIT      008BH  1
B. . . . . . . . . . . . . . . . . . .  SFR      DATA   U_CHAR   00F0H  1
CP_RL2 . . . . . . . . . . . . . . . .  ABSBIT   -----  BIT      00C8H  1
ACC. . . . . . . . . . . . . . . . . .  SFR      DATA   U_CHAR   00E0H  1
ET0. . . . . . . . . . . . . . . . . .  ABSBIT   -----  BIT      00A9H  1
LCD_Init . . . . . . . . . . . . . . .  EXTERN   CODE   PROC     -----  -----
ET1. . . . . . . . . . . . . . . . . .  ABSBIT   -----  BIT      00ABH  1
TF0. . . . . . . . . . . . . . . . . .  ABSBIT   -----  BIT      008DH  1
Timer0Init . . . . . . . . . . . . . .  EXTERN   CODE   PROC     -----  -----
ET2. . . . . . . . . . . . . . . . . .  ABSBIT   -----  BIT      00ADH  1
TF1. . . . . . . . . . . . . . . . . .  ABSBIT   -----  BIT      008FH  1
TF2. . . . . . . . . . . . . . . . . .  ABSBIT   -----  BIT      00CFH  1
RB8. . . . . . . . . . . . . . . . . .  ABSBIT   -----  BIT      009AH  1
TH0. . . . . . . . . . . . . . . . . .  SFR      DATA   U_CHAR   008CH  1
EX0. . . . . . . . . . . . . . . . . .  ABSBIT   -----  BIT      00A8H  1
IT0. . . . . . . . . . . . . . . . . .  ABSBIT   -----  BIT      0088H  1
TH1. . . . . . . . . . . . . . . . . .  SFR      DATA   U_CHAR   008DH  1
EX1. . . . . . . . . . . . . . . . . .  ABSBIT   -----  BIT      00AAH  1
TB8. . . . . . . . . . . . . . . . . .  ABSBIT   -----  BIT      009BH  1
IT1. . . . . . . . . . . . . . . . . .  ABSBIT   -----  BIT      008AH  1
TH2. . . . . . . . . . . . . . . . . .  SFR      DATA   U_CHAR   00CDH  1
DS1302_ReadTime. . . . . . . . . . . .  EXTERN   CODE   PROC     -----  -----
P. . . . . . . . . . . . . . . . . . .  ABSBIT   -----  BIT      00D0H  1
DS1302_Time. . . . . . . . . . . . . .  EXTERN   DATA   ARRAY    -----  -----
SM0. . . . . . . . . . . . . . . . . .  ABSBIT   -----  BIT      009FH  1
TL0. . . . . . . . . . . . . . . . . .  SFR      DATA   U_CHAR   008AH  1
SM1. . . . . . . . . . . . . . . . . .  ABSBIT   -----  BIT      009EH  1
TL1. . . . . . . . . . . . . . . . . .  SFR      DATA   U_CHAR   008BH  1
SM2. . . . . . . . . . . . . . . . . .  ABSBIT   -----  BIT      009DH  1
TL2. . . . . . . . . . . . . . . . . .  SFR      DATA   U_CHAR   00CCH  1
_LCD_ShowString. . . . . . . . . . . .  EXTERN   CODE   PROC     -----  -----
PT0. . . . . . . . . . . . . . . . . .  ABSBIT   -----  BIT      00B9H  1
DS1302_Init. . . . . . . . . . . . . .  EXTERN   CODE   PROC     -----  -----
RS0. . . . . . . . . . . . . . . . . .  ABSBIT   -----  BIT      00D3H  1
PT1. . . . . . . . . . . . . . . . . .  ABSBIT   -----  BIT      00BBH  1
RS1. . . . . . . . . . . . . . . . . .  ABSBIT   -----  BIT      00D4H  1
C51 COMPILER V9.01   MAIN                                                                  02/04/2022 22:38:22 PAGE 16  

NAME                                    CLASS   MSPACE  TYPE    OFFSET  SIZE
====                                    =====   ======  ====    ======  ====


PT2. . . . . . . . . . . . . . . . . .  ABSBIT   -----  BIT      00BDH  1
TR0. . . . . . . . . . . . . . . . . .  ABSBIT   -----  BIT      008CH  1
TR1. . . . . . . . . . . . . . . . . .  ABSBIT   -----  BIT      008EH  1
TR2. . . . . . . . . . . . . . . . . .  ABSBIT   -----  BIT      00CAH  1
PX0. . . . . . . . . . . . . . . . . .  ABSBIT   -----  BIT      00B8H  1
PX1. . . . . . . . . . . . . . . . . .  ABSBIT   -----  BIT      00BAH  1
KeyNum . . . . . . . . . . . . . . . .  PUBLIC   DATA   U_CHAR   0005H  1
DPH. . . . . . . . . . . . . . . . . .  SFR      DATA   U_CHAR   0083H  1
DPL. . . . . . . . . . . . . . . . . .  SFR      DATA   U_CHAR   0082H  1
EXEN2. . . . . . . . . . . . . . . . .  ABSBIT   -----  BIT      00CBH  1
REN. . . . . . . . . . . . . . . . . .  ABSBIT   -----  BIT      009CH  1
T2MOD. . . . . . . . . . . . . . . . .  SFR      DATA   U_CHAR   00C9H  1
T2CON. . . . . . . . . . . . . . . . .  SFR      DATA   U_CHAR   00C8H  1
RXD. . . . . . . . . . . . . . . . . .  ABSBIT   -----  BIT      00B0H  1
TXD. . . . . . . . . . . . . . . . . .  ABSBIT   -----  BIT      00B1H  1
F0 . . . . . . . . . . . . . . . . . .  ABSBIT   -----  BIT      00D5H  1
F1 . . . . . . . . . . . . . . . . . .  ABSBIT   -----  BIT      00D1H  1
PSW. . . . . . . . . . . . . . . . . .  SFR      DATA   U_CHAR   00D0H  1


MODULE INFORMATION:   STATIC OVERLAYABLE
   CODE SIZE        =    888    ----
   CONSTANT SIZE    =     21    ----
   XDATA SIZE       =   ----    ----
   PDATA SIZE       =   ----    ----
   DATA SIZE        =      6    ----
   IDATA SIZE       =   ----    ----
   BIT SIZE         =   ----    ----
   EDATA SIZE       =   ----    ----
   HDATA SIZE       =   ----    ----
   XDATA CONST SIZE =   ----    ----
   FAR CONST SIZE   =   ----    ----
END OF MODULE INFORMATION.


C51 COMPILATION COMPLETE.  0 WARNING(S),  0 ERROR(S)
