[2022-01-12 19:54:14]	[done]
	build successfully !

[2022-01-12 19:57:05]	compilation failed at : "c:\Users\zhouc\Documents\KeilProject\独立按键控制LED亮灭\src\main.c", exit code: 2
  at unify_builder.Program.Main (System.String[] args) [0x01851] in <a005e7fdc108491b9a1a2798634168c4>:0 
---
C51 COMPILER V9.54 - SN: K1DZC-J6P97C
COPYRIGHT Copyright (C) 2012 - 2015 ARM Ltd and ARM Germany GmbH. All rights reserved.
*** WARNING C318 IN LINE 1 OF .\SRC\MAIN.C: can't open file 'REGX52.H'
*** ERROR C202 IN LINE 6 OF .\SRC\MAIN.C: 'P2_0': undefined identifier
C51 COMPILATION COMPLETE.  1 WARNING(S),  1 ERROR(S)

[2022-01-12 19:58:46]	compilation failed at : "c:\Users\zhouc\Documents\KeilProject\独立按键控制LED亮灭\src\main.c", exit code: 2
  at unify_builder.Program.Main (System.String[] args) [0x01851] in <a005e7fdc108491b9a1a2798634168c4>:0 
---
C51 COMPILER V9.54 - SN: K1DZC-J6P97C
COPYRIGHT Copyright (C) 2012 - 2015 ARM Ltd and ARM Germany GmbH. All rights reserved.
*** ERROR C202 IN LINE 6 OF .\SRC\MAIN.C: 'P2_0': undefined identifier
C51 COMPILATION COMPLETE.  0 WARNING(S),  1 ERROR(S)

[2022-01-12 19:59:41]	[done]
	build successfully !

[2022-01-12 20:16:00]	compilation failed at : "c:\Users\zhouc\Documents\KeilProject\独立按键控制LED亮灭\src\main.c", exit code: 2
  at unify_builder.Program.Main (System.String[] args) [0x01851] in <a005e7fdc108491b9a1a2798634168c4>:0 
---
C51 COMPILER V9.54 - SN: K1DZC-J6P97C
COPYRIGHT Copyright (C) 2012 - 2015 ARM Ltd and ARM Germany GmbH. All rights reserved.
*** WARNING C318 IN LINE 1 OF .\SRC\MAIN.C: can't open file 'REG52'
*** ERROR C202 IN LINE 6 OF .\SRC\MAIN.C: 'P2': undefined identifier
C51 COMPILATION COMPLETE.  1 WARNING(S),  1 ERROR(S)

[2022-01-12 20:17:21]	[done]
	build successfully !

[2022-01-12 20:17:44]	[done]
	build successfully !

[2022-01-12 20:24:43]	[done]
	build successfully !

