[2022-01-22 17:24:26]	compilation failed at : "c:\Users\ZHOUIU\source\repos\ZHOUCOOKIE\51_study\LED点阵屏显示动画\src\main.c", exit code: 2
  at unify_builder.Program.Main (System.String[] args) [0x01851] in <bd848165df964d26b51d3d1ad263c7b0>:0 
---
C51 COMPILER V9.01 - SN: K1DZC-TW8IHC
COPYRIGHT KEIL ELEKTRONIK GmbH 1987 - 2009
*** ERROR C100 IN LINE 5 OF .\SRC\MATRIXLED.H: unprintable character 0xA3 skipped
*** ERROR C100 IN LINE 5 OF .\SRC\MATRIXLED.H: unprintable character 0xBB skipped
*** ERROR C132 IN LINE 6 OF .\SRC\MAIN.C: 'main': not in formal parameter list
*** ERROR C141 IN LINE 6 OF .\SRC\MAIN.C: syntax error near '{'
*** ERROR C100 IN LINE 7 OF .\SRC\MAIN.C: unprintable character 0xA3 skipped
*** ERROR C100 IN LINE 7 OF .\SRC\MAIN.C: unprintable character 0xBB skipped
*** ERROR C132 IN LINE 8 OF .\SRC\MAIN.C: 'MatrixLED_Init': not in formal parameter list
*** ERROR C141 IN LINE 8 OF .\SRC\MAIN.C: syntax error near 'while'
*** ERROR C132 IN LINE 10 OF .\SRC\MAIN.C: 'MatrixLED_showCoulumn': not in formal parameter list
*** ERROR C141 IN LINE 11 OF .\SRC\MAIN.C: syntax error near '1'
*** ERROR C132 IN LINE 11 OF .\SRC\MAIN.C: 'MatrixLED_showCoulumn': not in formal parameter list
*** ERROR C141 IN LINE 12 OF .\SRC\MAIN.C: syntax error near '2'
*** ERROR C132 IN LINE 12 OF .\SRC\MAIN.C: 'MatrixLED_showCoulumn': not in formal parameter list
*** ERROR C141 IN LINE 13 OF .\SRC\MAIN.C: syntax error near '3'
*** ERROR C132 IN LINE 13 OF .\SRC\MAIN.C: 'MatrixLED_showCoulumn': not in formal parameter list
*** ERROR C141 IN LINE 14 OF .\SRC\MAIN.C: syntax error near '4'
*** ERROR C132 IN LINE 14 OF .\SRC\MAIN.C: 'MatrixLED_showCoulumn': not in formal parameter list
*** ERROR C141 IN LINE 15 OF .\SRC\MAIN.C: syntax error near '5'
*** ERROR C132 IN LINE 15 OF .\SRC\MAIN.C: 'MatrixLED_showCoulumn': not in formal parameter list
*** ERROR C141 IN LINE 16 OF .\SRC\MAIN.C: syntax error near '6'
*** ERROR C132 IN LINE 16 OF .\SRC\MAIN.C: 'MatrixLED_showCoulumn': not in formal parameter list
*** ERROR C141 IN LINE 17 OF .\SRC\MAIN.C: syntax error near '7'
*** ERROR C132 IN LINE 17 OF .\SRC\MAIN.C: 'MatrixLED_showCoulumn': not in formal parameter list
*** ERROR C141 IN LINE 18 OF .\SRC\MAIN.C: syntax error near '}'
C51 COMPILATION COMPLETE.  0 WARNING(S),  24 ERROR(S)

[2022-01-22 17:26:12]	compilation failed at : "c:\Users\ZHOUIU\source\repos\ZHOUCOOKIE\51_study\LED点阵屏显示动画\src\main.c", exit code: 2
  at unify_builder.Program.Main (System.String[] args) [0x01851] in <bd848165df964d26b51d3d1ad263c7b0>:0 
---
C51 COMPILER V9.01 - SN: K1DZC-TW8IHC
COPYRIGHT KEIL ELEKTRONIK GmbH 1987 - 2009
*** ERROR C100 IN LINE 5 OF .\SRC\MATRIXLED.H: unprintable character 0xA3 skipped
*** ERROR C100 IN LINE 5 OF .\SRC\MATRIXLED.H: unprintable character 0xBB skipped
*** ERROR C132 IN LINE 6 OF .\SRC\MAIN.C: 'main': not in formal parameter list
*** ERROR C141 IN LINE 6 OF .\SRC\MAIN.C: syntax error near '{'
*** ERROR C100 IN LINE 7 OF .\SRC\MAIN.C: unprintable character 0xA3 skipped
*** ERROR C100 IN LINE 7 OF .\SRC\MAIN.C: unprintable character 0xBB skipped
*** ERROR C132 IN LINE 8 OF .\SRC\MAIN.C: 'MatrixLED_Init': not in formal parameter list
*** ERROR C141 IN LINE 8 OF .\SRC\MAIN.C: syntax error near 'while'
*** ERROR C132 IN LINE 10 OF .\SRC\MAIN.C: 'MatrixLED_showCoulumn': not in formal parameter list
*** ERROR C141 IN LINE 11 OF .\SRC\MAIN.C: syntax error near '1'
*** ERROR C132 IN LINE 11 OF .\SRC\MAIN.C: 'MatrixLED_showCoulumn': not in formal parameter list
*** ERROR C141 IN LINE 12 OF .\SRC\MAIN.C: syntax error near '2'
*** ERROR C132 IN LINE 12 OF .\SRC\MAIN.C: 'MatrixLED_showCoulumn': not in formal parameter list
*** ERROR C141 IN LINE 13 OF .\SRC\MAIN.C: syntax error near '3'
*** ERROR C132 IN LINE 13 OF .\SRC\MAIN.C: 'MatrixLED_showCoulumn': not in formal parameter list
*** ERROR C141 IN LINE 14 OF .\SRC\MAIN.C: syntax error near '4'
*** ERROR C132 IN LINE 14 OF .\SRC\MAIN.C: 'MatrixLED_showCoulumn': not in formal parameter list
*** ERROR C141 IN LINE 15 OF .\SRC\MAIN.C: syntax error near '5'
*** ERROR C132 IN LINE 15 OF .\SRC\MAIN.C: 'MatrixLED_showCoulumn': not in formal parameter list
*** ERROR C141 IN LINE 16 OF .\SRC\MAIN.C: syntax error near '6'
*** ERROR C132 IN LINE 16 OF .\SRC\MAIN.C: 'MatrixLED_showCoulumn': not in formal parameter list
*** ERROR C141 IN LINE 17 OF .\SRC\MAIN.C: syntax error near '7'
*** ERROR C132 IN LINE 17 OF .\SRC\MAIN.C: 'MatrixLED_showCoulumn': not in formal parameter list
*** ERROR C141 IN LINE 18 OF .\SRC\MAIN.C: syntax error near '}'
C51 COMPILATION COMPLETE.  0 WARNING(S),  24 ERROR(S)

[2022-01-22 17:26:15]	compilation failed at : "c:\Users\ZHOUIU\source\repos\ZHOUCOOKIE\51_study\LED点阵屏显示动画\src\main.c", exit code: 2
  at unify_builder.Program.Main (System.String[] args) [0x01851] in <bd848165df964d26b51d3d1ad263c7b0>:0 
---
C51 COMPILER V9.01 - SN: K1DZC-TW8IHC
COPYRIGHT KEIL ELEKTRONIK GmbH 1987 - 2009
*** ERROR C100 IN LINE 5 OF .\SRC\MATRIXLED.H: unprintable character 0xA3 skipped
*** ERROR C100 IN LINE 5 OF .\SRC\MATRIXLED.H: unprintable character 0xBB skipped
*** ERROR C132 IN LINE 6 OF .\SRC\MAIN.C: 'main': not in formal parameter list
*** ERROR C141 IN LINE 6 OF .\SRC\MAIN.C: syntax error near '{'
*** ERROR C100 IN LINE 7 OF .\SRC\MAIN.C: unprintable character 0xA3 skipped
*** ERROR C100 IN LINE 7 OF .\SRC\MAIN.C: unprintable character 0xBB skipped
*** ERROR C132 IN LINE 8 OF .\SRC\MAIN.C: 'MatrixLED_Init': not in formal parameter list
*** ERROR C141 IN LINE 8 OF .\SRC\MAIN.C: syntax error near 'while'
*** ERROR C132 IN LINE 10 OF .\SRC\MAIN.C: 'MatrixLED_showCoulumn': not in formal parameter list
*** ERROR C141 IN LINE 11 OF .\SRC\MAIN.C: syntax error near '1'
*** ERROR C132 IN LINE 11 OF .\SRC\MAIN.C: 'MatrixLED_showCoulumn': not in formal parameter list
*** ERROR C141 IN LINE 12 OF .\SRC\MAIN.C: syntax error near '2'
*** ERROR C132 IN LINE 12 OF .\SRC\MAIN.C: 'MatrixLED_showCoulumn': not in formal parameter list
*** ERROR C141 IN LINE 13 OF .\SRC\MAIN.C: syntax error near '3'
*** ERROR C132 IN LINE 13 OF .\SRC\MAIN.C: 'MatrixLED_showCoulumn': not in formal parameter list
*** ERROR C141 IN LINE 14 OF .\SRC\MAIN.C: syntax error near '4'
*** ERROR C132 IN LINE 14 OF .\SRC\MAIN.C: 'MatrixLED_showCoulumn': not in formal parameter list
*** ERROR C141 IN LINE 15 OF .\SRC\MAIN.C: syntax error near '5'
*** ERROR C132 IN LINE 15 OF .\SRC\MAIN.C: 'MatrixLED_showCoulumn': not in formal parameter list
*** ERROR C141 IN LINE 16 OF .\SRC\MAIN.C: syntax error near '6'
*** ERROR C132 IN LINE 16 OF .\SRC\MAIN.C: 'MatrixLED_showCoulumn': not in formal parameter list
*** ERROR C141 IN LINE 17 OF .\SRC\MAIN.C: syntax error near '7'
*** ERROR C132 IN LINE 17 OF .\SRC\MAIN.C: 'MatrixLED_showCoulumn': not in formal parameter list
*** ERROR C141 IN LINE 18 OF .\SRC\MAIN.C: syntax error near '}'
C51 COMPILATION COMPLETE.  0 WARNING(S),  24 ERROR(S)

[2022-01-22 17:27:35]	compilation failed at : "c:\Users\ZHOUIU\source\repos\ZHOUCOOKIE\51_study\LED点阵屏显示动画\src\main.c", exit code: 2
  at unify_builder.Program.Main (System.String[] args) [0x01851] in <bd848165df964d26b51d3d1ad263c7b0>:0 
---
C51 COMPILER V9.01 - SN: K1DZC-TW8IHC
COPYRIGHT KEIL ELEKTRONIK GmbH 1987 - 2009
*** ERROR C100 IN LINE 4 OF .\SRC\MATRIXLED.H: unprintable character 0xA3 skipped
*** ERROR C100 IN LINE 4 OF .\SRC\MATRIXLED.H: unprintable character 0xBB skipped
*** ERROR C132 IN LINE 5 OF .\SRC\MATRIXLED.H: '_MatrixLED_showCoulumn': not in formal parameter list
*** ERROR C132 IN LINE 6 OF .\SRC\MAIN.C: 'main': not in formal parameter list
*** ERROR C141 IN LINE 6 OF .\SRC\MAIN.C: syntax error near '{'
*** ERROR C100 IN LINE 7 OF .\SRC\MAIN.C: unprintable character 0xA3 skipped
*** ERROR C100 IN LINE 7 OF .\SRC\MAIN.C: unprintable character 0xBB skipped
*** ERROR C132 IN LINE 8 OF .\SRC\MAIN.C: 'MatrixLED_Init': not in formal parameter list
*** ERROR C141 IN LINE 8 OF .\SRC\MAIN.C: syntax error near 'while'
*** ERROR C132 IN LINE 10 OF .\SRC\MAIN.C: 'MatrixLED_showCoulumn': not in formal parameter list
*** ERROR C141 IN LINE 11 OF .\SRC\MAIN.C: syntax error near '1'
*** ERROR C132 IN LINE 11 OF .\SRC\MAIN.C: 'MatrixLED_showCoulumn': not in formal parameter list
*** ERROR C141 IN LINE 12 OF .\SRC\MAIN.C: syntax error near '2'
*** ERROR C132 IN LINE 12 OF .\SRC\MAIN.C: 'MatrixLED_showCoulumn': not in formal parameter list
*** ERROR C141 IN LINE 13 OF .\SRC\MAIN.C: syntax error near '3'
*** ERROR C132 IN LINE 13 OF .\SRC\MAIN.C: 'MatrixLED_showCoulumn': not in formal parameter list
*** ERROR C141 IN LINE 14 OF .\SRC\MAIN.C: syntax error near '4'
*** ERROR C132 IN LINE 14 OF .\SRC\MAIN.C: 'MatrixLED_showCoulumn': not in formal parameter list
*** ERROR C141 IN LINE 15 OF .\SRC\MAIN.C: syntax error near '5'
*** ERROR C132 IN LINE 15 OF .\SRC\MAIN.C: 'MatrixLED_showCoulumn': not in formal parameter list
*** ERROR C141 IN LINE 16 OF .\SRC\MAIN.C: syntax error near '6'
*** ERROR C132 IN LINE 16 OF .\SRC\MAIN.C: 'MatrixLED_showCoulumn': not in formal parameter list
*** ERROR C141 IN LINE 17 OF .\SRC\MAIN.C: syntax error near '7'
*** ERROR C132 IN LINE 17 OF .\SRC\MAIN.C: 'MatrixLED_showCoulumn': not in formal parameter list
*** ERROR C141 IN LINE 18 OF .\SRC\MAIN.C: syntax error near '}'
C51 COMPILATION COMPLETE.  0 WARNING(S),  25 ERROR(S)

[2022-01-22 17:29:12]	compilation failed at : "c:\Users\ZHOUIU\source\repos\ZHOUCOOKIE\51_study\LED点阵屏显示动画\src\main.c", exit code: 2
  at unify_builder.Program.Main (System.String[] args) [0x01851] in <bd848165df964d26b51d3d1ad263c7b0>:0 
---
C51 COMPILER V9.01 - SN: K1DZC-TW8IHC
COPYRIGHT KEIL ELEKTRONIK GmbH 1987 - 2009
*** ERROR C100 IN LINE 4 OF .\SRC\MATRIXLED.H: unprintable character 0xA3 skipped
*** ERROR C100 IN LINE 4 OF .\SRC\MATRIXLED.H: unprintable character 0xBB skipped
*** ERROR C132 IN LINE 5 OF .\SRC\MATRIXLED.H: '_MatrixLED_showCoulumn': not in formal parameter list
*** ERROR C100 IN LINE 6 OF .\SRC\MATRIXLED.H: unprintable character 0xA3 skipped
*** ERROR C100 IN LINE 6 OF .\SRC\MATRIXLED.H: unprintable character 0xBB skipped
*** ERROR C132 IN LINE 5 OF .\SRC\MAIN.C: '__74HC595_WriteByte': not in formal parameter list
*** ERROR C141 IN LINE 5 OF .\SRC\MAIN.C: syntax error near 'void'
*** ERROR C132 IN LINE 6 OF .\SRC\MAIN.C: 'main': not in formal parameter list
*** ERROR C141 IN LINE 6 OF .\SRC\MAIN.C: syntax error near '{'
*** ERROR C100 IN LINE 7 OF .\SRC\MAIN.C: unprintable character 0xA3 skipped
*** ERROR C100 IN LINE 7 OF .\SRC\MAIN.C: unprintable character 0xBB skipped
*** ERROR C132 IN LINE 8 OF .\SRC\MAIN.C: 'MatrixLED_Init': not in formal parameter list
*** ERROR C141 IN LINE 8 OF .\SRC\MAIN.C: syntax error near 'while'
*** ERROR C132 IN LINE 10 OF .\SRC\MAIN.C: 'MatrixLED_showCoulumn': not in formal parameter list
*** ERROR C141 IN LINE 11 OF .\SRC\MAIN.C: syntax error near '1'
*** ERROR C132 IN LINE 11 OF .\SRC\MAIN.C: 'MatrixLED_showCoulumn': not in formal parameter list
*** ERROR C141 IN LINE 12 OF .\SRC\MAIN.C: syntax error near '2'
*** ERROR C132 IN LINE 12 OF .\SRC\MAIN.C: 'MatrixLED_showCoulumn': not in formal parameter list
*** ERROR C141 IN LINE 13 OF .\SRC\MAIN.C: syntax error near '3'
*** ERROR C132 IN LINE 13 OF .\SRC\MAIN.C: 'MatrixLED_showCoulumn': not in formal parameter list
*** ERROR C141 IN LINE 14 OF .\SRC\MAIN.C: syntax error near '4'
*** ERROR C132 IN LINE 14 OF .\SRC\MAIN.C: 'MatrixLED_showCoulumn': not in formal parameter list
*** ERROR C141 IN LINE 15 OF .\SRC\MAIN.C: syntax error near '5'
*** ERROR C132 IN LINE 15 OF .\SRC\MAIN.C: 'MatrixLED_showCoulumn': not in formal parameter list
*** ERROR C141 IN LINE 16 OF .\SRC\MAIN.C: syntax error near '6'
*** ERROR C132 IN LINE 16 OF .\SRC\MAIN.C: 'MatrixLED_showCoulumn': not in formal parameter list
*** ERROR C141 IN LINE 17 OF .\SRC\MAIN.C: syntax error near '7'
*** ERROR C132 IN LINE 17 OF .\SRC\MAIN.C: 'MatrixLED_showCoulumn': not in formal parameter list
*** ERROR C141 IN LINE 18 OF .\SRC\MAIN.C: syntax error near '}'
C51 COMPILATION COMPLETE.  0 WARNING(S),  29 ERROR(S)

[2022-01-22 17:29:28]	compilation failed at : "c:\Users\ZHOUIU\source\repos\ZHOUCOOKIE\51_study\LED点阵屏显示动画\src\main.c", exit code: 2
  at unify_builder.Program.Main (System.String[] args) [0x01851] in <bd848165df964d26b51d3d1ad263c7b0>:0 
---
C51 COMPILER V9.01 - SN: K1DZC-TW8IHC
COPYRIGHT KEIL ELEKTRONIK GmbH 1987 - 2009
*** ERROR C100 IN LINE 7 OF .\SRC\MAIN.C: unprintable character 0xA3 skipped
*** ERROR C100 IN LINE 7 OF .\SRC\MAIN.C: unprintable character 0xBB skipped
*** ERROR C141 IN LINE 8 OF .\SRC\MAIN.C: syntax error near 'while'
*** ERROR C231 IN LINE 10 OF .\SRC\MAIN.C: '_MatrixLED_showCoulumn': redefinition
*** ERROR C141 IN LINE 19 OF .\SRC\MAIN.C: syntax error near '}'
C51 COMPILATION COMPLETE.  0 WARNING(S),  5 ERROR(S)

[2022-01-22 17:29:35]	compilation failed at : "c:\Users\ZHOUIU\source\repos\ZHOUCOOKIE\51_study\LED点阵屏显示动画\src\main.c", exit code: 2
  at unify_builder.Program.Main (System.String[] args) [0x01851] in <bd848165df964d26b51d3d1ad263c7b0>:0 
---
C51 COMPILER V9.01 - SN: K1DZC-TW8IHC
COPYRIGHT KEIL ELEKTRONIK GmbH 1987 - 2009
*** ERROR C100 IN LINE 7 OF .\SRC\MAIN.C: unprintable character 0xA3 skipped
*** ERROR C100 IN LINE 7 OF .\SRC\MAIN.C: unprintable character 0xBB skipped
*** ERROR C141 IN LINE 8 OF .\SRC\MAIN.C: syntax error near 'while'
*** ERROR C231 IN LINE 10 OF .\SRC\MAIN.C: '_MatrixLED_showCoulumn': redefinition
*** ERROR C141 IN LINE 19 OF .\SRC\MAIN.C: syntax error near '}'
C51 COMPILATION COMPLETE.  0 WARNING(S),  5 ERROR(S)

[2022-01-22 17:29:48]	[done]
	build successfully !

[2022-01-22 17:43:05]	[done]
	build successfully !

[2022-01-22 17:44:11]	[done]
	build successfully !

[2022-01-22 17:44:37]	[done]
	build successfully !

[2022-01-22 17:45:00]	[done]
	build successfully !

[2022-01-22 17:46:50]	[done]
	build successfully !

[2022-01-22 17:48:30]	[done]
	build successfully !

[2022-01-22 17:52:28]	[done]
	build successfully !

[2022-01-22 18:02:11]	[done]
	build successfully !

[2022-01-22 18:02:28]	[done]
	build successfully !

[2022-01-22 18:03:30]	[done]
	build successfully !

[2022-01-22 18:03:48]	[done]
	build successfully !

[2022-01-22 18:04:25]	[done]
	build successfully !

