[2022-01-22 16:27:28]	[done]
	build successfully !

[2022-01-22 16:32:56]	[done]
	build successfully !

[2022-01-22 16:33:28]	[done]
	build successfully !

[2022-01-22 16:33:35]	[done]
	build successfully !

[2022-01-22 16:56:38]	[done]
	build successfully !

[2022-01-22 16:57:08]	[done]
	build successfully !

[2022-01-22 16:58:05]	[done]
	build successfully !

[2022-01-22 17:08:33]	[done]
	build successfully !

[2022-01-22 17:11:09]	compilation failed at : "c:\Users\ZHOUIU\source\repos\ZHOUCOOKIE\51_study\LED点阵屏显示图形\src\main.c", exit code: 2
  at unify_builder.Program.Main (System.String[] args) [0x01851] in <bd848165df964d26b51d3d1ad263c7b0>:0 
---
C51 COMPILER V9.01 - SN: K1DZC-TW8IHC
COPYRIGHT KEIL ELEKTRONIK GmbH 1987 - 2009
*** ERROR C202 IN LINE 24 OF .\SRC\MAIN.C: 'MATRIX_LED_PORT': undefined identifier
*** ERROR C202 IN LINE 26 OF .\SRC\MAIN.C: 'MATRIX_LED_PORT': undefined identifier
C51 COMPILATION COMPLETE.  0 WARNING(S),  2 ERROR(S)

[2022-01-22 17:11:32]	[done]
	build successfully !

