[2022-01-12 21:37:21]	[done]
	build successfully !

[2022-01-12 21:40:15]	[done]
	build successfully !

[2022-01-12 21:45:01]	compilation failed at : "c:\Users\zhouc\Documents\KeilProject\独立按键控制LED移位\src\main.c", exit code: 2
  at unify_builder.Program.Main (System.String[] args) [0x01851] in <a005e7fdc108491b9a1a2798634168c4>:0 
---
C51 COMPILER V9.54 - SN: K1DZC-J6P97C
COPYRIGHT Copyright (C) 2012 - 2015 ARM Ltd and ARM Germany GmbH. All rights reserved.
*** ERROR C202 IN LINE 35 OF .\SRC\MAIN.C: 'p2': undefined identifier
C51 COMPILATION COMPLETE.  0 WARNING(S),  1 ERROR(S)

[2022-01-12 21:45:41]	[done]
	build successfully !

[2022-01-12 21:46:31]	compilation failed at : "c:\Users\zhouc\Documents\KeilProject\独立按键控制LED移位\src\main.c", exit code: 2
  at unify_builder.Program.Main (System.String[] args) [0x01851] in <a005e7fdc108491b9a1a2798634168c4>:0 
---
C51 COMPILER V9.54 - SN: K1DZC-J6P97C
COPYRIGHT Copyright (C) 2012 - 2015 ARM Ltd and ARM Germany GmbH. All rights reserved.
*** ERROR C141 IN LINE 21 OF .\SRC\MAIN.C: syntax error near 'unsigned'
*** ERROR C202 IN LINE 21 OF .\SRC\MAIN.C: 'LEDNumb': undefined identifier
*** ERROR C202 IN LINE 31 OF .\SRC\MAIN.C: 'LEDNumb': undefined identifier
*** ERROR C202 IN LINE 32 OF .\SRC\MAIN.C: 'LEDNumb': undefined identifier
*** ERROR C202 IN LINE 34 OF .\SRC\MAIN.C: 'LEDNumb': undefined identifier
*** ERROR C202 IN LINE 36 OF .\SRC\MAIN.C: 'LEDNumb': undefined identifier
C51 COMPILATION COMPLETE.  0 WARNING(S),  6 ERROR(S)

[2022-01-12 21:47:11]	compilation failed at : "c:\Users\zhouc\Documents\KeilProject\独立按键控制LED移位\src\main.c", exit code: 2
  at unify_builder.Program.Main (System.String[] args) [0x01851] in <a005e7fdc108491b9a1a2798634168c4>:0 
---
C51 COMPILER V9.54 - SN: K1DZC-J6P97C
COPYRIGHT Copyright (C) 2012 - 2015 ARM Ltd and ARM Germany GmbH. All rights reserved.
*** ERROR C141 IN LINE 21 OF .\SRC\MAIN.C: syntax error near 'unsigned'
*** ERROR C202 IN LINE 21 OF .\SRC\MAIN.C: 'LEDNumb': undefined identifier
*** ERROR C202 IN LINE 31 OF .\SRC\MAIN.C: 'LEDNumb': undefined identifier
*** ERROR C202 IN LINE 32 OF .\SRC\MAIN.C: 'LEDNumb': undefined identifier
*** ERROR C202 IN LINE 34 OF .\SRC\MAIN.C: 'LEDNumb': undefined identifier
*** ERROR C202 IN LINE 36 OF .\SRC\MAIN.C: 'LEDNumb': undefined identifier
C51 COMPILATION COMPLETE.  0 WARNING(S),  6 ERROR(S)

[2022-01-12 21:47:18]	[done]
	build successfully !

[2022-01-12 21:47:37]	compilation failed at : "c:\Users\zhouc\Documents\KeilProject\独立按键控制LED移位\src\main.c", exit code: 2
  at unify_builder.Program.Main (System.String[] args) [0x01851] in <a005e7fdc108491b9a1a2798634168c4>:0 
---
C51 COMPILER V9.54 - SN: K1DZC-J6P97C
COPYRIGHT Copyright (C) 2012 - 2015 ARM Ltd and ARM Germany GmbH. All rights reserved.
*** ERROR C141 IN LINE 21 OF .\SRC\MAIN.C: syntax error near 'unsigned'
*** ERROR C202 IN LINE 21 OF .\SRC\MAIN.C: 'LEDNumb': undefined identifier
*** ERROR C202 IN LINE 31 OF .\SRC\MAIN.C: 'LEDNumb': undefined identifier
*** ERROR C202 IN LINE 32 OF .\SRC\MAIN.C: 'LEDNumb': undefined identifier
*** ERROR C202 IN LINE 34 OF .\SRC\MAIN.C: 'LEDNumb': undefined identifier
*** ERROR C202 IN LINE 36 OF .\SRC\MAIN.C: 'LEDNumb': undefined identifier
C51 COMPILATION COMPLETE.  0 WARNING(S),  6 ERROR(S)

[2022-01-12 21:48:22]	[done]
	build successfully !

[2022-01-12 21:52:17]	[done]
	build successfully !

