[2022-01-12 21:13:50]	compilation failed at : "c:\Users\zhouc\Documents\KeilProject\独立按键控制LED显示二进制\src\main.c", exit code: 2
  at unify_builder.Program.Main (System.String[] args) [0x01851] in <a005e7fdc108491b9a1a2798634168c4>:0 
---
C51 COMPILER V9.54 - SN: K1DZC-J6P97C
COPYRIGHT Copyright (C) 2012 - 2015 ARM Ltd and ARM Germany GmbH. All rights reserved.
*** WARNING C280 IN LINE 3 OF .\SRC\MAIN.C: 'xms': unreferenced local variable
*** ERROR C141 IN LINE 24 OF .\SRC\MAIN.C: syntax error near '1110'
C51 COMPILATION COMPLETE.  1 WARNING(S),  1 ERROR(S)

[2022-01-12 21:14:05]	[done]
	build successfully !

[2022-01-12 21:15:51]	[done]
	build successfully !

[2022-01-12 21:16:45]	[done]
	build successfully !

[2022-01-12 21:17:28]	[done]
	build successfully !

[2022-01-12 21:19:56]	[done]
	build successfully !

[2022-01-12 21:22:13]	[done]
	build successfully !

[2022-01-12 21:27:39]	[done]
	build successfully !

