C51 COMPILER V9.54   DELAY                                                                 01/19/2022 22:35:43 PAGE 1   


C51 COMPILER V9.54, COMPILATION OF MODULE DELAY
OBJECT MODULE PLACED IN .\build\Release\src\Delay.o
COMPILER INVOKED BY: C:\Keil_v5\C51\BIN\C51.exe .\SRC\DELAY.C PRINT(.\build\Release\src\Delay.lst) OMF2 TABS(4) CODE NOC
                    -OND SYMBOLS OPTIMIZE(8,SPEED) SMALL ROM(LARGE) INCDIR(.\..\..\..\..\..\..\Keil_v5\C51\INC;.\src) DEFINE(__UVISION_VERSIO
                    -N=526) OBJECT(.\build\Release\src\Delay.o)

line level    source

   1          void Delay(unsigned int xms)        //@12.000MHz
   2          {
   3   1          while(xms)
   4   1          {
   5   2              unsigned char i, j;
   6   2              i = 2;
   7   2              j = 239;
   8   2              do
   9   2              {
  10   3                  while (--j);
  11   3              } while (--i);
  12   2              xms--;
  13   2          }
  14   1      }
C51 COMPILER V9.54   DELAY                                                                 01/19/2022 22:35:43 PAGE 2   

ASSEMBLY LISTING OF GENERATED OBJECT CODE


             ; FUNCTION _Delay (BEGIN)
                                           ; SOURCE LINE # 1
;---- Variable 'xms' assigned to Register 'R6/R7' ----
                                           ; SOURCE LINE # 2
0000         ?C0001:
                                           ; SOURCE LINE # 3
0000 EF                MOV     A,R7
0001 4E                ORL     A,R6
0002 6013              JZ      ?C0008
                                           ; SOURCE LINE # 4
                                           ; SOURCE LINE # 6
0004 750002      R     MOV     i,#02H
                                           ; SOURCE LINE # 7
0007 7500EF      R     MOV     j,#0EFH
                                           ; SOURCE LINE # 9
000A         ?C0006:
                                           ; SOURCE LINE # 10
000A D500FD            DJNZ    j,?C0006
000D         ?C0007:
                                           ; SOURCE LINE # 11
000D         ?C0003:
000D D500FA            DJNZ    i,?C0006
                                           ; SOURCE LINE # 12
0010 EF                MOV     A,R7
0011 1F                DEC     R7
0012 70EC              JNZ     ?C0001
0014 1E                DEC     R6
0015         ?C0009:
                                           ; SOURCE LINE # 13
0015 80E9              SJMP    ?C0001
                                           ; SOURCE LINE # 14
0017         ?C0008:
0017 22                RET     
             ; FUNCTION _Delay (END)

C51 COMPILER V9.54   DELAY                                                                 01/19/2022 22:35:43 PAGE 3   

NAME                                    CLASS   MSPACE  TYPE    OFFSET  SIZE
====                                    =====   ======  ====    ======  ====


_Delay . . . . . . . . . . . . . . . .  PUBLIC   CODE   PROC     0000H  -----
  xms. . . . . . . . . . . . . . . . .  * REG *  DATA   U_INT    0006H  2
  i. . . . . . . . . . . . . . . . . .  AUTO     DATA   U_CHAR   0000H  1
  j. . . . . . . . . . . . . . . . . .  AUTO     DATA   U_CHAR   0001H  1


MODULE INFORMATION:   STATIC OVERLAYABLE
   CODE SIZE        =     24    ----
   CONSTANT SIZE    =   ----    ----
   XDATA SIZE       =   ----    ----
   PDATA SIZE       =   ----    ----
   DATA SIZE        =   ----       2
   IDATA SIZE       =   ----    ----
   BIT SIZE         =   ----    ----
   EDATA SIZE       =   ----    ----
   HDATA SIZE       =   ----    ----
   XDATA CONST SIZE =   ----    ----
   FAR CONST SIZE   =   ----    ----
END OF MODULE INFORMATION.


C51 COMPILATION COMPLETE.  0 WARNING(S),  0 ERROR(S)
